\BOOKMARK [0][-]{chapter.1}{\376\377\000C\000P\000P\000N\000-\000N\000E\000A\000T}{}% 1
\BOOKMARK [0][-]{chapter.2}{\376\377\000N\000a\000m\000e\000s\000p\000a\000c\000e\000\040\000I\000n\000d\000e\000x}{}% 2
\BOOKMARK [1][-]{section.2.1}{\376\377\000N\000a\000m\000e\000s\000p\000a\000c\000e\000\040\000L\000i\000s\000t}{chapter.2}% 3
\BOOKMARK [0][-]{chapter.3}{\376\377\000C\000l\000a\000s\000s\000\040\000I\000n\000d\000e\000x}{}% 4
\BOOKMARK [1][-]{section.3.1}{\376\377\000C\000l\000a\000s\000s\000\040\000L\000i\000s\000t}{chapter.3}% 5
\BOOKMARK [0][-]{chapter.4}{\376\377\000F\000i\000l\000e\000\040\000I\000n\000d\000e\000x}{}% 6
\BOOKMARK [1][-]{section.4.1}{\376\377\000F\000i\000l\000e\000\040\000L\000i\000s\000t}{chapter.4}% 7
\BOOKMARK [0][-]{chapter.5}{\376\377\000N\000a\000m\000e\000s\000p\000a\000c\000e\000\040\000D\000o\000c\000u\000m\000e\000n\000t\000a\000t\000i\000o\000n}{}% 8
\BOOKMARK [1][-]{section.5.1}{\376\377\000A\000N\000N\000\137\000U\000S\000M\000\040\000N\000a\000m\000e\000s\000p\000a\000c\000e\000\040\000R\000e\000f\000e\000r\000e\000n\000c\000e}{chapter.5}% 9
\BOOKMARK [2][-]{subsection.5.1.1}{\376\377\000E\000n\000u\000m\000e\000r\000a\000t\000i\000o\000n\000\040\000T\000y\000p\000e\000\040\000D\000o\000c\000u\000m\000e\000n\000t\000a\000t\000i\000o\000n}{section.5.1}% 10
\BOOKMARK [3][-]{subsubsection.5.1.1.1}{\376\377\000g\000e\000n\000e\000\137\000t\000y\000p\000e}{subsection.5.1.1}% 11
\BOOKMARK [0][-]{chapter.6}{\376\377\000C\000l\000a\000s\000s\000\040\000D\000o\000c\000u\000m\000e\000n\000t\000a\000t\000i\000o\000n}{}% 12
\BOOKMARK [1][-]{section.6.1}{\376\377\000A\000N\000N\000\137\000U\000S\000M\000:\000:\000c\000o\000n\000n\000e\000c\000t\000i\000o\000n\000\137\000g\000e\000n\000e\000\040\000C\000l\000a\000s\000s\000\040\000R\000e\000f\000e\000r\000e\000n\000c\000e}{chapter.6}% 13
\BOOKMARK [2][-]{subsection.6.1.1}{\376\377\000D\000e\000t\000a\000i\000l\000e\000d\000\040\000D\000e\000s\000c\000r\000i\000p\000t\000i\000o\000n}{section.6.1}% 14
\BOOKMARK [2][-]{subsection.6.1.2}{\376\377\000M\000e\000m\000b\000e\000r\000\040\000F\000u\000n\000c\000t\000i\000o\000n\000\040\000D\000o\000c\000u\000m\000e\000n\000t\000a\000t\000i\000o\000n}{section.6.1}% 15
\BOOKMARK [3][-]{subsubsection.6.1.2.1}{\376\377\000c\000\137\000g}{subsection.6.1.2}% 16
\BOOKMARK [3][-]{subsubsection.6.1.2.2}{\376\377\000k\000i\000l\000l}{subsection.6.1.2}% 17
\BOOKMARK [2][-]{subsection.6.1.3}{\376\377\000M\000e\000m\000b\000e\000r\000\040\000D\000a\000t\000a\000\040\000D\000o\000c\000u\000m\000e\000n\000t\000a\000t\000i\000o\000n}{section.6.1}% 18
\BOOKMARK [3][-]{subsubsection.6.1.3.1}{\376\377\000e\000n\000a\000b\000l\000e}{subsection.6.1.3}% 19
\BOOKMARK [3][-]{subsubsection.6.1.3.2}{\376\377\000e\000x\000i\000s\000t}{subsection.6.1.3}% 20
\BOOKMARK [3][-]{subsubsection.6.1.3.3}{\376\377\000i\000n}{subsection.6.1.3}% 21
\BOOKMARK [3][-]{subsubsection.6.1.3.4}{\376\377\000i\000n\000n\000o\000v\000a\000t\000i\000o\000n}{subsection.6.1.3}% 22
\BOOKMARK [3][-]{subsubsection.6.1.3.5}{\376\377\000o\000u\000t}{subsection.6.1.3}% 23
\BOOKMARK [3][-]{subsubsection.6.1.3.6}{\376\377\000w\000e\000i\000g\000h\000t}{subsection.6.1.3}% 24
\BOOKMARK [1][-]{section.6.2}{\376\377\000F\000u\000n\000c\000t\000i\000o\000n\000\040\000C\000l\000a\000s\000s\000\040\000R\000e\000f\000e\000r\000e\000n\000c\000e}{chapter.6}% 25
\BOOKMARK [2][-]{subsection.6.2.1}{\376\377\000D\000e\000t\000a\000i\000l\000e\000d\000\040\000D\000e\000s\000c\000r\000i\000p\000t\000i\000o\000n}{section.6.2}% 26
\BOOKMARK [2][-]{subsection.6.2.2}{\376\377\000C\000o\000n\000s\000t\000r\000u\000c\000t\000o\000r\000\040\000\046\000\040\000D\000e\000s\000t\000r\000u\000c\000t\000o\000r\000\040\000D\000o\000c\000u\000m\000e\000n\000t\000a\000t\000i\000o\000n}{section.6.2}% 27
\BOOKMARK [3][-]{subsubsection.6.2.2.1}{\376\377\000F\000u\000n\000c\000t\000i\000o\000n}{subsection.6.2.2}% 28
\BOOKMARK [3][-]{subsubsection.6.2.2.2}{\376\377\000F\000u\000n\000c\000t\000i\000o\000n}{subsection.6.2.2}% 29
\BOOKMARK [2][-]{subsection.6.2.3}{\376\377\000M\000e\000m\000b\000e\000r\000\040\000F\000u\000n\000c\000t\000i\000o\000n\000\040\000D\000o\000c\000u\000m\000e\000n\000t\000a\000t\000i\000o\000n}{section.6.2}% 30
\BOOKMARK [3][-]{subsubsection.6.2.3.1}{\376\377\000e\000v\000a\000l}{subsection.6.2.3}% 31
\BOOKMARK [3][-]{subsubsection.6.2.3.2}{\376\377\000g\000e\000t\000\137\000n\000a\000m\000e}{subsection.6.2.3}% 32
\BOOKMARK [3][-]{subsubsection.6.2.3.3}{\376\377\000g\000e\000t\000\137\000n\000a\000m\000e}{subsection.6.2.3}% 33
\BOOKMARK [1][-]{section.6.3}{\376\377\000A\000N\000N\000\137\000U\000S\000M\000:\000:\000G\000e\000n\000e\000t\000i\000c\000\137\000E\000n\000c\000o\000d\000i\000n\000g\000\040\000C\000l\000a\000s\000s\000\040\000R\000e\000f\000e\000r\000e\000n\000c\000e}{chapter.6}% 34
\BOOKMARK [2][-]{subsection.6.3.1}{\376\377\000D\000e\000t\000a\000i\000l\000e\000d\000\040\000D\000e\000s\000c\000r\000i\000p\000t\000i\000o\000n}{section.6.3}% 35
\BOOKMARK [2][-]{subsection.6.3.2}{\376\377\000M\000e\000m\000b\000e\000r\000\040\000F\000u\000n\000c\000t\000i\000o\000n\000\040\000D\000o\000c\000u\000m\000e\000n\000t\000a\000t\000i\000o\000n}{section.6.3}% 36
\BOOKMARK [3][-]{subsubsection.6.3.2.1}{\376\377\000a\000d\000d\000\137\000c\000o\000n\000n\000e\000c\000t\000i\000o\000n}{subsection.6.3.2}% 37
\BOOKMARK [3][-]{subsubsection.6.3.2.2}{\376\377\000a\000d\000d\000\137\000c\000o\000n\000n\000e\000c\000t\000i\000o\000n}{subsection.6.3.2}% 38
\BOOKMARK [3][-]{subsubsection.6.3.2.3}{\376\377\000a\000d\000d\000\137\000n\000o\000d\000e}{subsection.6.3.2}% 39
\BOOKMARK [3][-]{subsubsection.6.3.2.4}{\376\377\000a\000d\000d\000\137\000n\000o\000d\000e}{subsection.6.3.2}% 40
\BOOKMARK [3][-]{subsubsection.6.3.2.5}{\376\377\000c\000h\000a\000n\000g\000e\000\137\000w\000e\000i\000g\000h\000t}{subsection.6.3.2}% 41
\BOOKMARK [3][-]{subsubsection.6.3.2.6}{\376\377\000e\000v\000a\000l}{subsection.6.3.2}% 42
\BOOKMARK [3][-]{subsubsection.6.3.2.7}{\376\377\000J\000S\000O\000N}{subsection.6.3.2}% 43
\BOOKMARK [3][-]{subsubsection.6.3.2.8}{\376\377\000l\000o\000a\000d}{subsection.6.3.2}% 44
\BOOKMARK [3][-]{subsubsection.6.3.2.9}{\376\377\000s\000a\000v\000e}{subsection.6.3.2}% 45
\BOOKMARK [3][-]{subsubsection.6.3.2.10}{\376\377\000s\000p\000r\000e\000a\000d\000\137\000f\000i\000n\000a\000l\000\137\000r\000e\000s\000u\000l\000t}{subsection.6.3.2}% 46
\BOOKMARK [2][-]{subsection.6.3.3}{\376\377\000M\000e\000m\000b\000e\000r\000\040\000D\000a\000t\000a\000\040\000D\000o\000c\000u\000m\000e\000n\000t\000a\000t\000i\000o\000n}{section.6.3}% 47
\BOOKMARK [3][-]{subsubsection.6.3.3.1}{\376\377\000i\000n\000p\000u\000t\000\137\000n\000o\000d\000e\000s}{subsection.6.3.3}% 48
\BOOKMARK [3][-]{subsubsection.6.3.3.2}{\376\377\000L\000c\000o\000n\000n\000e\000c\000t\000i\000o\000n\000\137\000g\000e\000n\000e\000s}{subsection.6.3.3}% 49
\BOOKMARK [3][-]{subsubsection.6.3.3.3}{\376\377\000L\000n\000o\000d\000e\000\137\000g\000e\000n\000e\000s}{subsection.6.3.3}% 50
\BOOKMARK [3][-]{subsubsection.6.3.3.4}{\376\377\000n\000i\000c\000h\000e}{subsection.6.3.3}% 51
\BOOKMARK [3][-]{subsubsection.6.3.3.5}{\376\377\000o\000u\000t\000p\000u\000t\000\137\000n\000o\000d\000e\000s}{subsection.6.3.3}% 52
\BOOKMARK [3][-]{subsubsection.6.3.3.6}{\376\377\000r\000o\000w\000\137\000o\000r\000d\000e\000r\000e\000r\000\137\000l\000i\000s\000t}{subsection.6.3.3}% 53
\BOOKMARK [1][-]{section.6.4}{\376\377\000A\000N\000N\000\137\000U\000S\000M\000:\000:\000N\000i\000c\000h\000e\000\040\000C\000l\000a\000s\000s\000\040\000R\000e\000f\000e\000r\000e\000n\000c\000e}{chapter.6}% 54
\BOOKMARK [2][-]{subsection.6.4.1}{\376\377\000D\000e\000t\000a\000i\000l\000e\000d\000\040\000D\000e\000s\000c\000r\000i\000p\000t\000i\000o\000n}{section.6.4}% 55
\BOOKMARK [2][-]{subsection.6.4.2}{\376\377\000M\000e\000m\000b\000e\000r\000\040\000D\000a\000t\000a\000\040\000D\000o\000c\000u\000m\000e\000n\000t\000a\000t\000i\000o\000n}{section.6.4}% 56
\BOOKMARK [3][-]{subsubsection.6.4.2.1}{\376\377\000a\000m\000o\000u\000n\000t\000\137\000o\000f\000\137\000o\000f\000f\000s\000p\000r\000i\000n\000g}{subsection.6.4.2}% 57
\BOOKMARK [3][-]{subsubsection.6.4.2.2}{\376\377\000e\000x\000i\000s\000t}{subsection.6.4.2}% 58
\BOOKMARK [3][-]{subsubsection.6.4.2.3}{\376\377\000n\000i\000c\000h\000e\000\137\000c\000h\000a\000m\000p\000i\000o\000n\000\137\000p\000o\000s\000i\000t\000i\000o\000n}{subsection.6.4.2}% 59
\BOOKMARK [3][-]{subsubsection.6.4.2.4}{\376\377\000o\000r\000g\000a\000n\000i\000s\000m\000\137\000p\000o\000s\000i\000t\000i\000o\000n}{subsection.6.4.2}% 60
\BOOKMARK [3][-]{subsubsection.6.4.2.5}{\376\377\000t\000o\000t\000a\000l\000\137\000f\000i\000t\000n\000e\000s\000s}{subsection.6.4.2}% 61
\BOOKMARK [3][-]{subsubsection.6.4.2.6}{\376\377\000y\000e\000a\000r\000s}{subsection.6.4.2}% 62
\BOOKMARK [1][-]{section.6.5}{\376\377\000A\000N\000N\000\137\000U\000S\000M\000:\000:\000n\000o\000d\000e\000\137\000g\000e\000n\000e\000\040\000C\000l\000a\000s\000s\000\040\000R\000e\000f\000e\000r\000e\000n\000c\000e}{chapter.6}% 63
\BOOKMARK [2][-]{subsection.6.5.1}{\376\377\000D\000e\000t\000a\000i\000l\000e\000d\000\040\000D\000e\000s\000c\000r\000i\000p\000t\000i\000o\000n}{section.6.5}% 64
\BOOKMARK [2][-]{subsection.6.5.2}{\376\377\000C\000o\000n\000s\000t\000r\000u\000c\000t\000o\000r\000\040\000\046\000\040\000D\000e\000s\000t\000r\000u\000c\000t\000o\000r\000\040\000D\000o\000c\000u\000m\000e\000n\000t\000a\000t\000i\000o\000n}{section.6.5}% 65
\BOOKMARK [3][-]{subsubsection.6.5.2.1}{\376\377\000n\000o\000d\000e\000\137\000g\000e\000n\000e}{subsection.6.5.2}% 66
\BOOKMARK [2][-]{subsection.6.5.3}{\376\377\000M\000e\000m\000b\000e\000r\000\040\000F\000u\000n\000c\000t\000i\000o\000n\000\040\000D\000o\000c\000u\000m\000e\000n\000t\000a\000t\000i\000o\000n}{section.6.5}% 67
\BOOKMARK [3][-]{subsubsection.6.5.3.1}{\376\377\000d\000e\000c\000r\000e\000a\000s\000e\000\137\000i\000n\000c\000o\000m\000i\000n\000g\000\137\000c\000o\000n\000n\000e\000c\000t\000i\000o\000n}{subsection.6.5.3}% 68
\BOOKMARK [3][-]{subsubsection.6.5.3.2}{\376\377\000e\000v\000a\000l}{subsection.6.5.3}% 69
\BOOKMARK [3][-]{subsubsection.6.5.3.3}{\376\377\000g\000e\000t\000\137\000f\000i\000n\000a\000l\000\137\000r\000e\000s\000u\000l\000t}{subsection.6.5.3}% 70
\BOOKMARK [3][-]{subsubsection.6.5.3.4}{\376\377\000i\000n\000c\000r\000e\000a\000s\000e\000\137\000i\000n\000c\000o\000m\000i\000n\000g\000\137\000c\000o\000n\000n\000e\000c\000t\000i\000o\000n}{subsection.6.5.3}% 71
\BOOKMARK [3][-]{subsubsection.6.5.3.5}{\376\377\000i\000s\000\137\000r\000e\000a\000d\000y}{subsection.6.5.3}% 72
\BOOKMARK [3][-]{subsubsection.6.5.3.6}{\376\377\000k\000i\000l\000l}{subsection.6.5.3}% 73
\BOOKMARK [3][-]{subsubsection.6.5.3.7}{\376\377\000n\000\137\000g}{subsection.6.5.3}% 74
\BOOKMARK [2][-]{subsection.6.5.4}{\376\377\000M\000e\000m\000b\000e\000r\000\040\000D\000a\000t\000a\000\040\000D\000o\000c\000u\000m\000e\000n\000t\000a\000t\000i\000o\000n}{section.6.5}% 75
\BOOKMARK [3][-]{subsubsection.6.5.4.1}{\376\377\000a\000c\000c\000u\000m\000u\000l\000a\000t\000i\000v\000e\000\137\000r\000e\000s\000u\000l\000t}{subsection.6.5.4}% 76
\BOOKMARK [3][-]{subsubsection.6.5.4.2}{\376\377\000c\000o\000u\000n\000t\000e\000r}{subsection.6.5.4}% 77
\BOOKMARK [3][-]{subsubsection.6.5.4.3}{\376\377\000e\000x\000i\000s\000t}{subsection.6.5.4}% 78
\BOOKMARK [3][-]{subsubsection.6.5.4.4}{\376\377\000f\000i\000n\000a\000l\000\137\000r\000e\000s\000u\000l\000t}{subsection.6.5.4}% 79
\BOOKMARK [3][-]{subsubsection.6.5.4.5}{\376\377\000f\000u\000n\000c\000t\000i\000o\000n}{subsection.6.5.4}% 80
\BOOKMARK [3][-]{subsubsection.6.5.4.6}{\376\377\000i\000n\000c\000o\000m\000i\000n\000g\000\137\000c\000o\000n\000n\000e\000c\000t\000i\000o\000n\000s}{subsection.6.5.4}% 81
\BOOKMARK [3][-]{subsubsection.6.5.4.7}{\376\377\000n\000o\000d\000e}{subsection.6.5.4}% 82
\BOOKMARK [3][-]{subsubsection.6.5.4.8}{\376\377\000o\000u\000t\000g\000o\000i\000n\000g\000\137\000c\000o\000n\000n\000e\000c\000t\000i\000o\000n\000s}{subsection.6.5.4}% 83
\BOOKMARK [3][-]{subsubsection.6.5.4.9}{\376\377\000r\000o\000w}{subsection.6.5.4}% 84
\BOOKMARK [3][-]{subsubsection.6.5.4.10}{\376\377\000t\000y\000p\000e}{subsection.6.5.4}% 85
\BOOKMARK [1][-]{section.6.6}{\376\377\000A\000N\000N\000\137\000U\000S\000M\000:\000:\000P\000o\000p\000u\000l\000a\000t\000i\000o\000n\000\040\000C\000l\000a\000s\000s\000\040\000R\000e\000f\000e\000r\000e\000n\000c\000e}{chapter.6}% 86
\BOOKMARK [2][-]{subsection.6.6.1}{\376\377\000D\000e\000t\000a\000i\000l\000e\000d\000\040\000D\000e\000s\000c\000r\000i\000p\000t\000i\000o\000n}{section.6.6}% 87
\BOOKMARK [2][-]{subsection.6.6.2}{\376\377\000C\000o\000n\000s\000t\000r\000u\000c\000t\000o\000r\000\040\000\046\000\040\000D\000e\000s\000t\000r\000u\000c\000t\000o\000r\000\040\000D\000o\000c\000u\000m\000e\000n\000t\000a\000t\000i\000o\000n}{section.6.6}% 88
\BOOKMARK [3][-]{subsubsection.6.6.2.1}{\376\377\000P\000o\000p\000u\000l\000a\000t\000i\000o\000n}{subsection.6.6.2}% 89
\BOOKMARK [2][-]{subsection.6.6.3}{\376\377\000M\000e\000m\000b\000e\000r\000\040\000F\000u\000n\000c\000t\000i\000o\000n\000\040\000D\000o\000c\000u\000m\000e\000n\000t\000a\000t\000i\000o\000n}{section.6.6}% 90
\BOOKMARK [3][-]{subsubsection.6.6.3.1}{\376\377\000c\000o\000m\000p\000a\000t\000i\000b\000i\000l\000i\000t\000y}{subsection.6.6.3}% 91
\BOOKMARK [3][-]{subsubsection.6.6.3.2}{\376\377\000c\000r\000o\000s\000s\000o\000v\000e\000r}{subsection.6.6.3}% 92
\BOOKMARK [3][-]{subsubsection.6.6.3.3}{\376\377\000e\000p\000o\000c\000h}{subsection.6.6.3}% 93
\BOOKMARK [3][-]{subsubsection.6.6.3.4}{\376\377\000m\000u\000t\000a\000t\000i\000o\000n\000\137\000c\000h\000a\000n\000g\000e\000\137\000w\000e\000i\000g\000h\000t}{subsection.6.6.3}% 94
\BOOKMARK [3][-]{subsubsection.6.6.3.5}{\376\377\000m\000u\000t\000a\000t\000i\000o\000n\000\137\000c\000o\000n\000n\000e\000c\000t\000i\000o\000n}{subsection.6.6.3}% 95
\BOOKMARK [3][-]{subsubsection.6.6.3.6}{\376\377\000m\000u\000t\000a\000t\000i\000o\000n\000\137\000n\000o\000d\000e}{subsection.6.6.3}% 96
\BOOKMARK [3][-]{subsubsection.6.6.3.7}{\376\377\000o\000b\000t\000a\000i\000n\000\137\000h\000i\000s\000t\000o\000r\000i\000c\000a\000l\000\137\000n\000o\000d\000e}{subsection.6.6.3}% 97
\BOOKMARK [3][-]{subsubsection.6.6.3.8}{\376\377\000o\000b\000t\000a\000i\000n\000\137\000i\000n\000n\000o\000v\000a\000t\000i\000o\000n}{subsection.6.6.3}% 98
\BOOKMARK [3][-]{subsubsection.6.6.3.9}{\376\377\000o\000b\000t\000a\000i\000n\000\137\000r\000o\000w}{subsection.6.6.3}% 99
\BOOKMARK [3][-]{subsubsection.6.6.3.10}{\376\377\000p\000u\000t\000\137\000r\000a\000n\000d\000o\000m\000s\000\137\000w\000e\000i\000g\000h\000t}{subsection.6.6.3}% 100
\BOOKMARK [3][-]{subsubsection.6.6.3.11}{\376\377\000s\000a\000v\000e}{subsection.6.6.3}% 101
\BOOKMARK [3][-]{subsubsection.6.6.3.12}{\376\377\000s\000a\000v\000e\000\137\000a\000l\000l}{subsection.6.6.3}% 102
\BOOKMARK [3][-]{subsubsection.6.6.3.13}{\376\377\000s\000p\000a\000t\000i\000a\000t\000i\000o\000n}{subsection.6.6.3}% 103
\BOOKMARK [2][-]{subsection.6.6.4}{\376\377\000M\000e\000m\000b\000e\000r\000\040\000D\000a\000t\000a\000\040\000D\000o\000c\000u\000m\000e\000n\000t\000a\000t\000i\000o\000n}{section.6.6}% 104
\BOOKMARK [3][-]{subsubsection.6.6.4.1}{\376\377\000b\000e\000s\000t\000\137\000o\000r\000g\000a\000n\000i\000s\000m}{subsection.6.6.4}% 105
\BOOKMARK [3][-]{subsubsection.6.6.4.2}{\376\377\000c\000h\000a\000m\000p\000i\000o\000n}{subsection.6.6.4}% 106
\BOOKMARK [3][-]{subsubsection.6.6.4.3}{\376\377\000c\000u\000r\000r\000e\000n\000t\000\137\000n\000i\000c\000h\000e\000s}{subsection.6.6.4}% 107
\BOOKMARK [3][-]{subsubsection.6.6.4.4}{\376\377\000f\000i\000t\000n\000e\000s\000s\000\137\000c\000h\000a\000m\000p\000i\000o\000n}{subsection.6.6.4}% 108
\BOOKMARK [3][-]{subsubsection.6.6.4.5}{\376\377\000h\000i\000s\000t\000o\000r\000i\000c\000a\000l\000\137\000i\000n\000n\000o\000v\000a\000t\000i\000o\000n}{subsection.6.6.4}% 109
\BOOKMARK [3][-]{subsubsection.6.6.4.6}{\376\377\000h\000i\000s\000t\000o\000r\000i\000c\000a\000l\000\137\000n\000o\000d\000e\000s}{subsection.6.6.4}% 110
\BOOKMARK [3][-]{subsubsection.6.6.4.7}{\376\377\000h\000i\000s\000t\000o\000r\000i\000c\000a\000l\000\137\000r\000o\000w}{subsection.6.6.4}% 111
\BOOKMARK [3][-]{subsubsection.6.6.4.8}{\376\377\000l\000a\000s\000t\000\137\000i\000n\000n\000o\000v\000a\000t\000i\000o\000n}{subsection.6.6.4}% 112
\BOOKMARK [3][-]{subsubsection.6.6.4.9}{\376\377\000l\000a\000s\000t\000\137\000n\000i\000c\000h\000e\000\137\000i\000d}{subsection.6.6.4}% 113
\BOOKMARK [3][-]{subsubsection.6.6.4.10}{\376\377\000l\000a\000s\000t\000\137\000n\000o\000d\000e}{subsection.6.6.4}% 114
\BOOKMARK [3][-]{subsubsection.6.6.4.11}{\376\377\000l\000a\000s\000t\000\137\000r\000o\000w}{subsection.6.6.4}% 115
\BOOKMARK [3][-]{subsubsection.6.6.4.12}{\376\377\000l\000e\000n\000g\000h\000t}{subsection.6.6.4}% 116
\BOOKMARK [3][-]{subsubsection.6.6.4.13}{\376\377\000o\000r\000g\000a\000n\000i\000s\000m\000s}{subsection.6.6.4}% 117
\BOOKMARK [3][-]{subsubsection.6.6.4.14}{\376\377\000p\000r\000e\000v\000\137\000n\000i\000c\000h\000e\000s}{subsection.6.6.4}% 118
\BOOKMARK [3][-]{subsubsection.6.6.4.15}{\376\377\000p\000r\000e\000v\000\137\000o\000r\000g\000a\000n\000i\000s\000m\000s}{subsection.6.6.4}% 119
\BOOKMARK [3][-]{subsubsection.6.6.4.16}{\376\377\000r\000o\000w\000\137\000o\000r\000d\000e\000r\000e\000r\000\137\000l\000i\000s\000t}{subsection.6.6.4}% 120
\BOOKMARK [3][-]{subsubsection.6.6.4.17}{\376\377\000t\000o\000t\000a\000l\000\137\000n\000i\000c\000h\000e\000s}{subsection.6.6.4}% 121
\BOOKMARK [0][-]{chapter.7}{\376\377\000F\000i\000l\000e\000\040\000D\000o\000c\000u\000m\000e\000n\000t\000a\000t\000i\000o\000n}{}% 122
\BOOKMARK [1][-]{section.7.1}{\376\377\000/\000h\000o\000m\000e\000/\000w\000a\000r\000r\000e\000n\000/\000U\000T\000F\000S\000M\000/\0002\0000\0001\0004\000\137\0001\000\137\000C\000R\000A\000B\000O\000T\000/\000s\000o\000f\000t\000w\000a\000r\000e\000/\000C\000P\000P\000N\000-\000N\000E\000A\000T\000/\000h\000e\000a\000d\000e\000r\000s\000/\000C\000P\000P\000N\000-\000N\000E\000A\000T\000.\000h\000p\000p\000\040\000F\000i\000l\000e\000\040\000R\000e\000f\000e\000r\000e\000n\000c\000e}{chapter.7}% 123
\BOOKMARK [2][-]{subsection.7.1.1}{\376\377\000F\000u\000n\000c\000t\000i\000o\000n\000\040\000D\000o\000c\000u\000m\000e\000n\000t\000a\000t\000i\000o\000n}{section.7.1}% 124
\BOOKMARK [3][-]{subsubsection.7.1.1.1}{\376\377\000o\000p\000e\000r\000a\000t\000o\000r\000<\000<}{subsection.7.1.1}% 125
\BOOKMARK [1][-]{section.7.2}{\376\377\000/\000h\000o\000m\000e\000/\000w\000a\000r\000r\000e\000n\000/\000U\000T\000F\000S\000M\000/\0002\0000\0001\0004\000\137\0001\000\137\000C\000R\000A\000B\000O\000T\000/\000s\000o\000f\000t\000w\000a\000r\000e\000/\000C\000P\000P\000N\000-\000N\000E\000A\000T\000/\000h\000e\000a\000d\000e\000r\000s\000/\000f\000i\000t\000n\000e\000s\000s\000.\000h\000p\000p\000\040\000F\000i\000l\000e\000\040\000R\000e\000f\000e\000r\000e\000n\000c\000e}{chapter.7}% 126
\BOOKMARK [2][-]{subsection.7.2.1}{\376\377\000F\000u\000n\000c\000t\000i\000o\000n\000\040\000D\000o\000c\000u\000m\000e\000n\000t\000a\000t\000i\000o\000n}{section.7.2}% 127
\BOOKMARK [3][-]{subsubsection.7.2.1.1}{\376\377\000f\000i\000t\000n\000e\000s\000s}{subsection.7.2.1}% 128
\BOOKMARK [1][-]{section.7.3}{\376\377\000/\000h\000o\000m\000e\000/\000w\000a\000r\000r\000e\000n\000/\000U\000T\000F\000S\000M\000/\0002\0000\0001\0004\000\137\0001\000\137\000C\000R\000A\000B\000O\000T\000/\000s\000o\000f\000t\000w\000a\000r\000e\000/\000C\000P\000P\000N\000-\000N\000E\000A\000T\000/\000h\000e\000a\000d\000e\000r\000s\000/\000f\000u\000n\000c\000t\000i\000o\000n\000.\000h\000p\000p\000\040\000F\000i\000l\000e\000\040\000R\000e\000f\000e\000r\000e\000n\000c\000e}{chapter.7}% 129
\BOOKMARK [1][-]{section.7.4}{\376\377\000/\000h\000o\000m\000e\000/\000w\000a\000r\000r\000e\000n\000/\000U\000T\000F\000S\000M\000/\0002\0000\0001\0004\000\137\0001\000\137\000C\000R\000A\000B\000O\000T\000/\000s\000o\000f\000t\000w\000a\000r\000e\000/\000C\000P\000P\000N\000-\000N\000E\000A\000T\000/\000h\000e\000a\000d\000e\000r\000s\000/\000g\000e\000n\000e\000t\000i\000c\000\137\000e\000n\000c\000o\000d\000i\000n\000g\000.\000h\000p\000p\000\040\000F\000i\000l\000e\000\040\000R\000e\000f\000e\000r\000e\000n\000c\000e}{chapter.7}% 130
\BOOKMARK [2][-]{subsection.7.4.1}{\376\377\000F\000u\000n\000c\000t\000i\000o\000n\000\040\000D\000o\000c\000u\000m\000e\000n\000t\000a\000t\000i\000o\000n}{section.7.4}% 131
\BOOKMARK [3][-]{subsubsection.7.4.1.1}{\376\377\000o\000p\000e\000r\000a\000t\000o\000r\000<\000<}{subsection.7.4.1}% 132
\BOOKMARK [1][-]{section.7.5}{\376\377\000/\000h\000o\000m\000e\000/\000w\000a\000r\000r\000e\000n\000/\000U\000T\000F\000S\000M\000/\0002\0000\0001\0004\000\137\0001\000\137\000C\000R\000A\000B\000O\000T\000/\000s\000o\000f\000t\000w\000a\000r\000e\000/\000C\000P\000P\000N\000-\000N\000E\000A\000T\000/\000h\000e\000a\000d\000e\000r\000s\000/\000u\000s\000e\000r\000\137\000d\000e\000f\000i\000n\000i\000t\000i\000o\000n\000s\000.\000h\000p\000p\000\040\000F\000i\000l\000e\000\040\000R\000e\000f\000e\000r\000e\000n\000c\000e}{chapter.7}% 133
\BOOKMARK [2][-]{subsection.7.5.1}{\376\377\000M\000a\000c\000r\000o\000\040\000D\000e\000f\000i\000n\000i\000t\000i\000o\000n\000\040\000D\000o\000c\000u\000m\000e\000n\000t\000a\000t\000i\000o\000n}{section.7.5}% 134
\BOOKMARK [3][-]{subsubsection.7.5.1.1}{\376\377\000D\000I\000S\000T\000A\000N\000C\000E\000\137\000C\000O\000N\000S\000T\000\137\0001}{subsection.7.5.1}% 135
\BOOKMARK [3][-]{subsubsection.7.5.1.2}{\376\377\000D\000I\000S\000T\000A\000N\000C\000E\000\137\000C\000O\000N\000S\000T\000\137\0002}{subsection.7.5.1}% 136
\BOOKMARK [3][-]{subsubsection.7.5.1.3}{\376\377\000D\000I\000S\000T\000A\000N\000C\000E\000\137\000C\000O\000N\000S\000T\000\137\0003}{subsection.7.5.1}% 137
\BOOKMARK [3][-]{subsubsection.7.5.1.4}{\376\377\000D\000I\000S\000T\000A\000N\000C\000E\000\137\000C\000O\000N\000S\000T\000\137\0004}{subsection.7.5.1}% 138
\BOOKMARK [3][-]{subsubsection.7.5.1.5}{\376\377\000D\000I\000S\000T\000A\000N\000C\000E\000\137\000T\000H\000R\000E\000S\000H\000O\000L\000D}{subsection.7.5.1}% 139
\BOOKMARK [3][-]{subsubsection.7.5.1.6}{\376\377\000F\000U\000N\000C\000T\000I\000O\000N\000\137\000N\000U\000M}{subsection.7.5.1}% 140
\BOOKMARK [3][-]{subsubsection.7.5.1.7}{\376\377\000G\000E\000N\000E\000R\000A\000T\000I\000O\000N\000S}{subsection.7.5.1}% 141
\BOOKMARK [3][-]{subsubsection.7.5.1.8}{\376\377\000L\000A\000R\000G\000E\000\137\000P\000O\000P\000U\000L\000A\000T\000I\000O\000N\000\137\000D\000I\000S\000C\000R\000I\000M\000I\000N\000A\000T\000O\000R}{subsection.7.5.1}% 142
\BOOKMARK [3][-]{subsubsection.7.5.1.9}{\376\377\000L\000A\000R\000G\000E\000R\000\137\000P\000O\000P\000U\000L\000A\000T\000I\000O\000N\000S\000\137\000P\000R\000O\000B\000A\000B\000I\000L\000I\000T\000Y\000\137\000A\000D\000D\000I\000N\000G\000\137\000N\000E\000W\000\137\000C\000O\000N\000N\000E\000C\000T\000I\000O\000N}{subsection.7.5.1}% 143
\BOOKMARK [3][-]{subsubsection.7.5.1.10}{\376\377\000L\000A\000R\000G\000E\000R\000\137\000P\000O\000P\000U\000L\000A\000T\000I\000O\000N\000S\000\137\000P\000R\000O\000B\000A\000B\000I\000L\000I\000T\000Y\000\137\000A\000D\000D\000I\000N\000G\000\137\000N\000E\000W\000\137\000N\000O\000D\000E}{subsection.7.5.1}% 144
\BOOKMARK [3][-]{subsubsection.7.5.1.11}{\376\377\000P\000E\000R\000C\000E\000N\000T\000\137\000M\000U\000T\000A\000T\000I\000O\000N\000\137\000C\000O\000N\000N\000E\000C\000T\000I\000O\000N}{subsection.7.5.1}% 145
\BOOKMARK [3][-]{subsubsection.7.5.1.12}{\376\377\000P\000E\000R\000C\000E\000N\000T\000A\000G\000E\000\137\000O\000F\000F\000S\000P\000R\000I\000N\000G\000\137\000W\000I\000T\000H\000O\000U\000T\000\137\000C\000R\000O\000S\000S\000O\000V\000E\000R}{subsection.7.5.1}% 146
\BOOKMARK [3][-]{subsubsection.7.5.1.13}{\376\377\000P\000O\000P\000U\000L\000A\000T\000I\000O\000N\000\137\000M\000A\000X}{subsection.7.5.1}% 147
\BOOKMARK [3][-]{subsubsection.7.5.1.14}{\376\377\000P\000R\000O\000B\000A\000B\000I\000L\000I\000T\000Y\000\137\000C\000O\000N\000N\000E\000C\000T\000I\000O\000N\000\137\000W\000E\000I\000G\000H\000T\000\137\000M\000U\000T\000A\000T\000I\000N\000G}{subsection.7.5.1}% 148
\BOOKMARK [3][-]{subsubsection.7.5.1.15}{\376\377\000P\000R\000O\000B\000A\000B\000I\000L\000I\000T\000Y\000\137\000I\000N\000T\000E\000R\000S\000P\000A\000C\000I\000E\000S\000\137\000M\000A\000T\000I\000N\000G}{subsection.7.5.1}% 149
\BOOKMARK [3][-]{subsubsection.7.5.1.16}{\376\377\000S\000M\000A\000L\000L\000E\000R\000\137\000P\000O\000P\000U\000L\000A\000T\000I\000O\000N\000S\000\137\000P\000R\000O\000B\000A\000B\000I\000L\000I\000T\000Y\000\137\000A\000D\000D\000I\000N\000G\000\137\000N\000E\000W\000\137\000C\000O\000N\000N\000E\000C\000T\000I\000O\000N}{subsection.7.5.1}% 150
\BOOKMARK [3][-]{subsubsection.7.5.1.17}{\376\377\000S\000M\000A\000L\000L\000E\000R\000\137\000P\000O\000P\000U\000L\000A\000T\000I\000O\000N\000S\000\137\000P\000R\000O\000B\000A\000B\000I\000L\000I\000T\000Y\000\137\000A\000D\000D\000I\000N\000G\000\137\000N\000E\000W\000\137\000N\000O\000D\000E}{subsection.7.5.1}% 151
\BOOKMARK [1][-]{section.7.6}{\376\377\000/\000h\000o\000m\000e\000/\000w\000a\000r\000r\000e\000n\000/\000U\000T\000F\000S\000M\000/\0002\0000\0001\0004\000\137\0001\000\137\000C\000R\000A\000B\000O\000T\000/\000s\000o\000f\000t\000w\000a\000r\000e\000/\000C\000P\000P\000N\000-\000N\000E\000A\000T\000/\000R\000E\000A\000D\000M\000E\000.\000m\000d\000\040\000F\000i\000l\000e\000\040\000R\000e\000f\000e\000r\000e\000n\000c\000e}{chapter.7}% 152
\BOOKMARK [1][-]{section.7.7}{\376\377\000/\000h\000o\000m\000e\000/\000w\000a\000r\000r\000e\000n\000/\000U\000T\000F\000S\000M\000/\0002\0000\0001\0004\000\137\0001\000\137\000C\000R\000A\000B\000O\000T\000/\000s\000o\000f\000t\000w\000a\000r\000e\000/\000C\000P\000P\000N\000-\000N\000E\000A\000T\000/\000s\000r\000c\000/\000C\000P\000P\000N\000-\000N\000E\000A\000T\000.\000c\000p\000p\000\040\000F\000i\000l\000e\000\040\000R\000e\000f\000e\000r\000e\000n\000c\000e}{chapter.7}% 153
\BOOKMARK [2][-]{subsection.7.7.1}{\376\377\000M\000a\000c\000r\000o\000\040\000D\000e\000f\000i\000n\000i\000t\000i\000o\000n\000\040\000D\000o\000c\000u\000m\000e\000n\000t\000a\000t\000i\000o\000n}{section.7.7}% 154
\BOOKMARK [3][-]{subsubsection.7.7.1.1}{\376\377\000C\000P\000P\000N\000\137\000N\000E\000A\000T\000\137\000C\000P\000P}{subsection.7.7.1}% 155
\BOOKMARK [2][-]{subsection.7.7.2}{\376\377\000F\000u\000n\000c\000t\000i\000o\000n\000\040\000D\000o\000c\000u\000m\000e\000n\000t\000a\000t\000i\000o\000n}{section.7.7}% 156
\BOOKMARK [3][-]{subsubsection.7.7.2.1}{\376\377\000o\000p\000e\000r\000a\000t\000o\000r\000<\000<}{subsection.7.7.2}% 157
\BOOKMARK [1][-]{section.7.8}{\376\377\000/\000h\000o\000m\000e\000/\000w\000a\000r\000r\000e\000n\000/\000U\000T\000F\000S\000M\000/\0002\0000\0001\0004\000\137\0001\000\137\000C\000R\000A\000B\000O\000T\000/\000s\000o\000f\000t\000w\000a\000r\000e\000/\000C\000P\000P\000N\000-\000N\000E\000A\000T\000/\000s\000r\000c\000/\000f\000i\000t\000n\000e\000s\000s\000.\000c\000p\000p\000\040\000F\000i\000l\000e\000\040\000R\000e\000f\000e\000r\000e\000n\000c\000e}{chapter.7}% 158
\BOOKMARK [2][-]{subsection.7.8.1}{\376\377\000M\000a\000c\000r\000o\000\040\000D\000e\000f\000i\000n\000i\000t\000i\000o\000n\000\040\000D\000o\000c\000u\000m\000e\000n\000t\000a\000t\000i\000o\000n}{section.7.8}% 159
\BOOKMARK [3][-]{subsubsection.7.8.1.1}{\376\377\000F\000I\000T\000N\000E\000S\000S\000\137\000C\000P\000P}{subsection.7.8.1}% 160
\BOOKMARK [2][-]{subsection.7.8.2}{\376\377\000F\000u\000n\000c\000t\000i\000o\000n\000\040\000D\000o\000c\000u\000m\000e\000n\000t\000a\000t\000i\000o\000n}{section.7.8}% 161
\BOOKMARK [3][-]{subsubsection.7.8.2.1}{\376\377\000f\000i\000t\000n\000e\000s\000s}{subsection.7.8.2}% 162
\BOOKMARK [1][-]{section.7.9}{\376\377\000/\000h\000o\000m\000e\000/\000w\000a\000r\000r\000e\000n\000/\000U\000T\000F\000S\000M\000/\0002\0000\0001\0004\000\137\0001\000\137\000C\000R\000A\000B\000O\000T\000/\000s\000o\000f\000t\000w\000a\000r\000e\000/\000C\000P\000P\000N\000-\000N\000E\000A\000T\000/\000s\000r\000c\000/\000f\000u\000n\000c\000t\000i\000o\000n\000.\000c\000p\000p\000\040\000F\000i\000l\000e\000\040\000R\000e\000f\000e\000r\000e\000n\000c\000e}{chapter.7}% 163
\BOOKMARK [1][-]{section.7.10}{\376\377\000/\000h\000o\000m\000e\000/\000w\000a\000r\000r\000e\000n\000/\000U\000T\000F\000S\000M\000/\0002\0000\0001\0004\000\137\0001\000\137\000C\000R\000A\000B\000O\000T\000/\000s\000o\000f\000t\000w\000a\000r\000e\000/\000C\000P\000P\000N\000-\000N\000E\000A\000T\000/\000s\000r\000c\000/\000g\000e\000n\000e\000t\000i\000c\000\137\000e\000n\000c\000o\000d\000i\000n\000g\000.\000c\000p\000p\000\040\000F\000i\000l\000e\000\040\000R\000e\000f\000e\000r\000e\000n\000c\000e}{chapter.7}% 164
\BOOKMARK [2][-]{subsection.7.10.1}{\376\377\000M\000a\000c\000r\000o\000\040\000D\000e\000f\000i\000n\000i\000t\000i\000o\000n\000\040\000D\000o\000c\000u\000m\000e\000n\000t\000a\000t\000i\000o\000n}{section.7.10}% 165
\BOOKMARK [3][-]{subsubsection.7.10.1.1}{\376\377\000G\000E\000N\000E\000T\000I\000C\000\137\000E\000N\000C\000O\000D\000I\000N\000G\000\137\000C\000P\000P}{subsection.7.10.1}% 166
\BOOKMARK [2][-]{subsection.7.10.2}{\376\377\000F\000u\000n\000c\000t\000i\000o\000n\000\040\000D\000o\000c\000u\000m\000e\000n\000t\000a\000t\000i\000o\000n}{section.7.10}% 167
\BOOKMARK [3][-]{subsubsection.7.10.2.1}{\376\377\000o\000p\000e\000r\000a\000t\000o\000r\000<\000<}{subsection.7.10.2}% 168
\BOOKMARK [1][-]{section.7.11}{\376\377\000/\000h\000o\000m\000e\000/\000w\000a\000r\000r\000e\000n\000/\000U\000T\000F\000S\000M\000/\0002\0000\0001\0004\000\137\0001\000\137\000C\000R\000A\000B\000O\000T\000/\000s\000o\000f\000t\000w\000a\000r\000e\000/\000C\000P\000P\000N\000-\000N\000E\000A\000T\000/\000s\000r\000c\000/\000r\000u\000n\000\137\000C\000P\000P\000N\000-\000N\000E\000A\000T\000.\000c\000p\000p\000\040\000F\000i\000l\000e\000\040\000R\000e\000f\000e\000r\000e\000n\000c\000e}{chapter.7}% 169
\BOOKMARK [2][-]{subsection.7.11.1}{\376\377\000F\000u\000n\000c\000t\000i\000o\000n\000\040\000D\000o\000c\000u\000m\000e\000n\000t\000a\000t\000i\000o\000n}{section.7.11}% 170
\BOOKMARK [3][-]{subsubsection.7.11.1.1}{\376\377\000m\000a\000i\000n}{subsection.7.11.1}% 171
\BOOKMARK [3][-]{subsubsection.7.11.1.2}{\376\377\000p\000r\000i\000n\000t\000\137\000u\000s\000a\000g\000e}{subsection.7.11.1}% 172
\BOOKMARK [1][-]{section.7.12}{\376\377\000/\000h\000o\000m\000e\000/\000w\000a\000r\000r\000e\000n\000/\000U\000T\000F\000S\000M\000/\0002\0000\0001\0004\000\137\0001\000\137\000C\000R\000A\000B\000O\000T\000/\000s\000o\000f\000t\000w\000a\000r\000e\000/\000C\000P\000P\000N\000-\000N\000E\000A\000T\000/\000s\000r\000c\000/\000t\000e\000s\000t\000\137\000g\000e\000n\000e\000t\000i\000c\000\137\000e\000n\000c\000o\000d\000i\000n\000g\000.\000c\000p\000p\000\040\000F\000i\000l\000e\000\040\000R\000e\000f\000e\000r\000e\000n\000c\000e}{chapter.7}% 173
\BOOKMARK [2][-]{subsection.7.12.1}{\376\377\000M\000a\000c\000r\000o\000\040\000D\000e\000f\000i\000n\000i\000t\000i\000o\000n\000\040\000D\000o\000c\000u\000m\000e\000n\000t\000a\000t\000i\000o\000n}{section.7.12}% 174
\BOOKMARK [3][-]{subsubsection.7.12.1.1}{\376\377\000T\000\137\000G\000\137\000E\000\137\000C\000P\000P}{subsection.7.12.1}% 175
\BOOKMARK [2][-]{subsection.7.12.2}{\376\377\000F\000u\000n\000c\000t\000i\000o\000n\000\040\000D\000o\000c\000u\000m\000e\000n\000t\000a\000t\000i\000o\000n}{section.7.12}% 176
\BOOKMARK [3][-]{subsubsection.7.12.2.1}{\376\377\000m\000a\000i\000n}{subsection.7.12.2}% 177
\BOOKMARK [0][-]{section*.37}{\376\377\000I\000n\000d\000e\000x}{}% 178
