This is pdfTeX, Version 3.1415926-2.5-1.40.14 (TeX Live 2013/Arch Linux) (format=pdflatex 2014.1.18)  3 MAR 2014 13:27
entering extended mode
 restricted \write18 enabled.
 %&-line parsing enabled.
**refman
(./refman.tex
LaTeX2e <2011/06/27>
Babel <3.9f> and hyphenation patterns for 78 languages loaded.
(/usr/share/texmf-dist/tex/latex/base/book.cls
Document Class: book 2007/10/19 v1.4h Standard LaTeX document class
(/usr/share/texmf-dist/tex/latex/base/bk10.clo
File: bk10.clo 2007/10/19 v1.4h Standard LaTeX file (size option)
)
\c@part=\count79
\c@chapter=\count80
\c@section=\count81
\c@subsection=\count82
\c@subsubsection=\count83
\c@paragraph=\count84
\c@subparagraph=\count85
\c@figure=\count86
\c@table=\count87
\abovecaptionskip=\skip41
\belowcaptionskip=\skip42
\bibindent=\dimen102
)
(/usr/share/texmf-dist/tex/latex/tools/calc.sty
Package: calc 2007/08/22 v4.3 Infix arithmetic (KKT,FJ)
\calc@Acount=\count88
\calc@Bcount=\count89
\calc@Adimen=\dimen103
\calc@Bdimen=\dimen104
\calc@Askip=\skip43
\calc@Bskip=\skip44
LaTeX Info: Redefining \setlength on input line 76.
LaTeX Info: Redefining \addtolength on input line 77.
\calc@Ccount=\count90
\calc@Cskip=\skip45
) (./doxygen.sty
Package: doxygen 

(/usr/share/texmf-dist/tex/latex/base/alltt.sty
Package: alltt 1997/06/16 v2.0g defines alltt environment
)
(/usr/share/texmf-dist/tex/latex/tools/array.sty
Package: array 2008/09/09 v2.4c Tabular extension package (FMi)
\col@sep=\dimen105
\extrarowheight=\dimen106
\NC@list=\toks14
\extratabsurround=\skip46
\backup@length=\skip47
)
(/usr/share/texmf-dist/tex/latex/float/float.sty
Package: float 2001/11/08 v1.3d Float enhancements (AL)
\c@float@type=\count91
\float@exts=\toks15
\float@box=\box26
\@float@everytoks=\toks16
\@floatcapt=\box27
)
(/usr/share/texmf-dist/tex/latex/base/ifthen.sty
Package: ifthen 2001/05/26 v1.1c Standard LaTeX ifthen package (DPC)
)
(/usr/share/texmf-dist/tex/latex/tools/verbatim.sty
Package: verbatim 2003/08/22 v1.5q LaTeX2e package for verbatim enhancements
\every@verbatim=\toks17
\verbatim@line=\toks18
\verbatim@in@stream=\read1
)
(/usr/share/texmf-dist/tex/latex/xcolor/xcolor.sty
Package: xcolor 2007/01/21 v2.11 LaTeX color extensions (UK)

(/usr/share/texmf-dist/tex/latex/latexconfig/color.cfg
File: color.cfg 2007/01/18 v1.5 color configuration of teTeX/TeXLive
)
Package xcolor Info: Driver file: pdftex.def on input line 225.

(/usr/share/texmf-dist/tex/latex/pdftex-def/pdftex.def
File: pdftex.def 2011/05/27 v0.06d Graphics/color for pdfTeX

(/usr/share/texmf-dist/tex/generic/oberdiek/infwarerr.sty
Package: infwarerr 2010/04/08 v1.3 Providing info/warning/error messages (HO)
)
(/usr/share/texmf-dist/tex/generic/oberdiek/ltxcmds.sty
Package: ltxcmds 2011/11/09 v1.22 LaTeX kernel commands for general use (HO)
)
\Gread@gobject=\count92
)
(/usr/share/texmf-dist/tex/latex/colortbl/colortbl.sty
Package: colortbl 2012/02/13 v1.0a Color table columns (DPC)
\everycr=\toks19
\minrowclearance=\skip48
)
\rownum=\count93
Package xcolor Info: Model `cmy' substituted by `cmy0' on input line 1337.
Package xcolor Info: Model `hsb' substituted by `rgb' on input line 1341.
Package xcolor Info: Model `RGB' extended on input line 1353.
Package xcolor Info: Model `HTML' substituted by `rgb' on input line 1355.
Package xcolor Info: Model `Hsb' substituted by `hsb' on input line 1356.
Package xcolor Info: Model `tHsb' substituted by `hsb' on input line 1357.
Package xcolor Info: Model `HSB' substituted by `hsb' on input line 1358.
Package xcolor Info: Model `Gray' substituted by `gray' on input line 1359.
Package xcolor Info: Model `wave' substituted by `hsb' on input line 1360.
)
(/usr/share/texmf-dist/tex/latex/xtab/xtab.sty
Package: xtab 2011/07/31 v2.3f Extended supertabular package
\c@tracingst=\count94
\PWSTcapht=\dimen107
\ST@wd=\dimen108
\ST@rightskip=\skip49
\ST@leftskip=\skip50
\ST@parfillskip=\skip51
\c@PWSTtable=\count95
\PWSTlastpage=\count96
\PWSTpenultimate=\count97
\PWSTcurpage=\count98
\PWSTtempc=\count99
\PWSTlines=\count100
\PWST@lastht=\dimen109
\PWST@generalht=\dimen110
\PWST@ht=\dimen111
\ST@pageleft=\dimen112
\ST@headht=\dimen113
\ST@tailht=\dimen114
\ST@pagesofar=\dimen115
\ST@pboxht=\dimen116
\ST@lineht=\dimen117
\ST@stretchht=\dimen118
\ST@prevht=\dimen119
\ST@toadd=\dimen120
\ST@dimen=\dimen121
\ST@pbox=\box28
)
\xrefbox=\box29
\xreflength=\skip52
\tmplength=\skip53
)
(/usr/share/texmf-dist/tex/latex/graphics/graphicx.sty
Package: graphicx 1999/02/16 v1.0f Enhanced LaTeX Graphics (DPC,SPQR)

(/usr/share/texmf-dist/tex/latex/graphics/keyval.sty
Package: keyval 1999/03/16 v1.13 key=value parser (DPC)
\KV@toks@=\toks20
)
(/usr/share/texmf-dist/tex/latex/graphics/graphics.sty
Package: graphics 2009/02/05 v1.0o Standard LaTeX Graphics (DPC,SPQR)

(/usr/share/texmf-dist/tex/latex/graphics/trig.sty
Package: trig 1999/03/16 v1.09 sin cos tan (DPC)
)
(/usr/share/texmf-dist/tex/latex/latexconfig/graphics.cfg
File: graphics.cfg 2010/04/23 v1.9 graphics configuration of TeX Live
)
Package graphics Info: Driver file: pdftex.def on input line 91.
)
\Gin@req@height=\dimen122
\Gin@req@width=\dimen123
)
(/usr/share/texmf-dist/tex/latex/base/inputenc.sty
Package: inputenc 2008/03/30 v1.1d Input encoding file
\inpenc@prehook=\toks21
\inpenc@posthook=\toks22

(/usr/share/texmf-dist/tex/latex/base/utf8.def
File: utf8.def 2008/04/05 v1.1m UTF-8 support for inputenc
Now handling font encoding OML ...
... no UTF-8 mapping file for font encoding OML
Now handling font encoding T1 ...
... processing UTF-8 mapping file for font encoding T1

(/usr/share/texmf-dist/tex/latex/base/t1enc.dfu
File: t1enc.dfu 2008/04/05 v1.1m UTF-8 support for inputenc
   defining Unicode char U+00A1 (decimal 161)
   defining Unicode char U+00A3 (decimal 163)
   defining Unicode char U+00AB (decimal 171)
   defining Unicode char U+00BB (decimal 187)
   defining Unicode char U+00BF (decimal 191)
   defining Unicode char U+00C0 (decimal 192)
   defining Unicode char U+00C1 (decimal 193)
   defining Unicode char U+00C2 (decimal 194)
   defining Unicode char U+00C3 (decimal 195)
   defining Unicode char U+00C4 (decimal 196)
   defining Unicode char U+00C5 (decimal 197)
   defining Unicode char U+00C6 (decimal 198)
   defining Unicode char U+00C7 (decimal 199)
   defining Unicode char U+00C8 (decimal 200)
   defining Unicode char U+00C9 (decimal 201)
   defining Unicode char U+00CA (decimal 202)
   defining Unicode char U+00CB (decimal 203)
   defining Unicode char U+00CC (decimal 204)
   defining Unicode char U+00CD (decimal 205)
   defining Unicode char U+00CE (decimal 206)
   defining Unicode char U+00CF (decimal 207)
   defining Unicode char U+00D0 (decimal 208)
   defining Unicode char U+00D1 (decimal 209)
   defining Unicode char U+00D2 (decimal 210)
   defining Unicode char U+00D3 (decimal 211)
   defining Unicode char U+00D4 (decimal 212)
   defining Unicode char U+00D5 (decimal 213)
   defining Unicode char U+00D6 (decimal 214)
   defining Unicode char U+00D8 (decimal 216)
   defining Unicode char U+00D9 (decimal 217)
   defining Unicode char U+00DA (decimal 218)
   defining Unicode char U+00DB (decimal 219)
   defining Unicode char U+00DC (decimal 220)
   defining Unicode char U+00DD (decimal 221)
   defining Unicode char U+00DE (decimal 222)
   defining Unicode char U+00DF (decimal 223)
   defining Unicode char U+00E0 (decimal 224)
   defining Unicode char U+00E1 (decimal 225)
   defining Unicode char U+00E2 (decimal 226)
   defining Unicode char U+00E3 (decimal 227)
   defining Unicode char U+00E4 (decimal 228)
   defining Unicode char U+00E5 (decimal 229)
   defining Unicode char U+00E6 (decimal 230)
   defining Unicode char U+00E7 (decimal 231)
   defining Unicode char U+00E8 (decimal 232)
   defining Unicode char U+00E9 (decimal 233)
   defining Unicode char U+00EA (decimal 234)
   defining Unicode char U+00EB (decimal 235)
   defining Unicode char U+00EC (decimal 236)
   defining Unicode char U+00ED (decimal 237)
   defining Unicode char U+00EE (decimal 238)
   defining Unicode char U+00EF (decimal 239)
   defining Unicode char U+00F0 (decimal 240)
   defining Unicode char U+00F1 (decimal 241)
   defining Unicode char U+00F2 (decimal 242)
   defining Unicode char U+00F3 (decimal 243)
   defining Unicode char U+00F4 (decimal 244)
   defining Unicode char U+00F5 (decimal 245)
   defining Unicode char U+00F6 (decimal 246)
   defining Unicode char U+00F8 (decimal 248)
   defining Unicode char U+00F9 (decimal 249)
   defining Unicode char U+00FA (decimal 250)
   defining Unicode char U+00FB (decimal 251)
   defining Unicode char U+00FC (decimal 252)
   defining Unicode char U+00FD (decimal 253)
   defining Unicode char U+00FE (decimal 254)
   defining Unicode char U+00FF (decimal 255)
   defining Unicode char U+0102 (decimal 258)
   defining Unicode char U+0103 (decimal 259)
   defining Unicode char U+0104 (decimal 260)
   defining Unicode char U+0105 (decimal 261)
   defining Unicode char U+0106 (decimal 262)
   defining Unicode char U+0107 (decimal 263)
   defining Unicode char U+010C (decimal 268)
   defining Unicode char U+010D (decimal 269)
   defining Unicode char U+010E (decimal 270)
   defining Unicode char U+010F (decimal 271)
   defining Unicode char U+0110 (decimal 272)
   defining Unicode char U+0111 (decimal 273)
   defining Unicode char U+0118 (decimal 280)
   defining Unicode char U+0119 (decimal 281)
   defining Unicode char U+011A (decimal 282)
   defining Unicode char U+011B (decimal 283)
   defining Unicode char U+011E (decimal 286)
   defining Unicode char U+011F (decimal 287)
   defining Unicode char U+0130 (decimal 304)
   defining Unicode char U+0131 (decimal 305)
   defining Unicode char U+0132 (decimal 306)
   defining Unicode char U+0133 (decimal 307)
   defining Unicode char U+0139 (decimal 313)
   defining Unicode char U+013A (decimal 314)
   defining Unicode char U+013D (decimal 317)
   defining Unicode char U+013E (decimal 318)
   defining Unicode char U+0141 (decimal 321)
   defining Unicode char U+0142 (decimal 322)
   defining Unicode char U+0143 (decimal 323)
   defining Unicode char U+0144 (decimal 324)
   defining Unicode char U+0147 (decimal 327)
   defining Unicode char U+0148 (decimal 328)
   defining Unicode char U+014A (decimal 330)
   defining Unicode char U+014B (decimal 331)
   defining Unicode char U+0150 (decimal 336)
   defining Unicode char U+0151 (decimal 337)
   defining Unicode char U+0152 (decimal 338)
   defining Unicode char U+0153 (decimal 339)
   defining Unicode char U+0154 (decimal 340)
   defining Unicode char U+0155 (decimal 341)
   defining Unicode char U+0158 (decimal 344)
   defining Unicode char U+0159 (decimal 345)
   defining Unicode char U+015A (decimal 346)
   defining Unicode char U+015B (decimal 347)
   defining Unicode char U+015E (decimal 350)
   defining Unicode char U+015F (decimal 351)
   defining Unicode char U+0160 (decimal 352)
   defining Unicode char U+0161 (decimal 353)
   defining Unicode char U+0162 (decimal 354)
   defining Unicode char U+0163 (decimal 355)
   defining Unicode char U+0164 (decimal 356)
   defining Unicode char U+0165 (decimal 357)
   defining Unicode char U+016E (decimal 366)
   defining Unicode char U+016F (decimal 367)
   defining Unicode char U+0170 (decimal 368)
   defining Unicode char U+0171 (decimal 369)
   defining Unicode char U+0178 (decimal 376)
   defining Unicode char U+0179 (decimal 377)
   defining Unicode char U+017A (decimal 378)
   defining Unicode char U+017B (decimal 379)
   defining Unicode char U+017C (decimal 380)
   defining Unicode char U+017D (decimal 381)
   defining Unicode char U+017E (decimal 382)
   defining Unicode char U+200C (decimal 8204)
   defining Unicode char U+2013 (decimal 8211)
   defining Unicode char U+2014 (decimal 8212)
   defining Unicode char U+2018 (decimal 8216)
   defining Unicode char U+2019 (decimal 8217)
   defining Unicode char U+201A (decimal 8218)
   defining Unicode char U+201C (decimal 8220)
   defining Unicode char U+201D (decimal 8221)
   defining Unicode char U+201E (decimal 8222)
   defining Unicode char U+2030 (decimal 8240)
   defining Unicode char U+2031 (decimal 8241)
   defining Unicode char U+2039 (decimal 8249)
   defining Unicode char U+203A (decimal 8250)
   defining Unicode char U+2423 (decimal 9251)
)
Now handling font encoding OT1 ...
... processing UTF-8 mapping file for font encoding OT1

(/usr/share/texmf-dist/tex/latex/base/ot1enc.dfu
File: ot1enc.dfu 2008/04/05 v1.1m UTF-8 support for inputenc
   defining Unicode char U+00A1 (decimal 161)
   defining Unicode char U+00A3 (decimal 163)
   defining Unicode char U+00B8 (decimal 184)
   defining Unicode char U+00BF (decimal 191)
   defining Unicode char U+00C5 (decimal 197)
   defining Unicode char U+00C6 (decimal 198)
   defining Unicode char U+00D8 (decimal 216)
   defining Unicode char U+00DF (decimal 223)
   defining Unicode char U+00E6 (decimal 230)
   defining Unicode char U+00EC (decimal 236)
   defining Unicode char U+00ED (decimal 237)
   defining Unicode char U+00EE (decimal 238)
   defining Unicode char U+00EF (decimal 239)
   defining Unicode char U+00F8 (decimal 248)
   defining Unicode char U+0131 (decimal 305)
   defining Unicode char U+0141 (decimal 321)
   defining Unicode char U+0142 (decimal 322)
   defining Unicode char U+0152 (decimal 338)
   defining Unicode char U+0153 (decimal 339)
   defining Unicode char U+2013 (decimal 8211)
   defining Unicode char U+2014 (decimal 8212)
   defining Unicode char U+2018 (decimal 8216)
   defining Unicode char U+2019 (decimal 8217)
   defining Unicode char U+201C (decimal 8220)
   defining Unicode char U+201D (decimal 8221)
)
Now handling font encoding OMS ...
... processing UTF-8 mapping file for font encoding OMS

(/usr/share/texmf-dist/tex/latex/base/omsenc.dfu
File: omsenc.dfu 2008/04/05 v1.1m UTF-8 support for inputenc
   defining Unicode char U+00A7 (decimal 167)
   defining Unicode char U+00B6 (decimal 182)
   defining Unicode char U+00B7 (decimal 183)
   defining Unicode char U+2020 (decimal 8224)
   defining Unicode char U+2021 (decimal 8225)
   defining Unicode char U+2022 (decimal 8226)
)
Now handling font encoding OMX ...
... no UTF-8 mapping file for font encoding OMX
Now handling font encoding U ...
... no UTF-8 mapping file for font encoding U
   defining Unicode char U+00A9 (decimal 169)
   defining Unicode char U+00AA (decimal 170)
   defining Unicode char U+00AE (decimal 174)
   defining Unicode char U+00BA (decimal 186)
   defining Unicode char U+02C6 (decimal 710)
   defining Unicode char U+02DC (decimal 732)
   defining Unicode char U+200C (decimal 8204)
   defining Unicode char U+2026 (decimal 8230)
   defining Unicode char U+2122 (decimal 8482)
   defining Unicode char U+2423 (decimal 9251)
))
(/usr/share/texmf-dist/tex/latex/base/makeidx.sty
Package: makeidx 2000/03/29 v1.0m Standard LaTeX package
)
(/usr/share/texmf-dist/tex/latex/tools/multicol.sty
Package: multicol 2011/06/27 v1.7a multicolumn formatting (FMi)
\c@tracingmulticols=\count101
\mult@box=\box30
\multicol@leftmargin=\dimen124
\c@unbalance=\count102
\c@collectmore=\count103
\doublecol@number=\count104
\multicoltolerance=\count105
\multicolpretolerance=\count106
\full@width=\dimen125
\page@free=\dimen126
\premulticols=\dimen127
\postmulticols=\dimen128
\multicolsep=\skip54
\multicolbaselineskip=\skip55
\partial@page=\box31
\last@line=\box32
\mult@rightbox=\box33
\mult@grightbox=\box34
\mult@gfirstbox=\box35
\mult@firstbox=\box36
\@tempa=\box37
\@tempa=\box38
\@tempa=\box39
\@tempa=\box40
\@tempa=\box41
\@tempa=\box42
\@tempa=\box43
\@tempa=\box44
\@tempa=\box45
\@tempa=\box46
\@tempa=\box47
\@tempa=\box48
\@tempa=\box49
\@tempa=\box50
\@tempa=\box51
\@tempa=\box52
\@tempa=\box53
\c@columnbadness=\count107
\c@finalcolumnbadness=\count108
\last@try=\dimen129
\multicolovershoot=\dimen130
\multicolundershoot=\dimen131
\mult@nat@firstbox=\box54
\colbreak@box=\box55
\multicol@sort@counter=\count109
)
(/usr/share/texmf-dist/tex/latex/multirow/multirow.sty
\bigstrutjot=\dimen132
)
(/usr/share/texmf-dist/tex/latex/base/textcomp.sty
Package: textcomp 2005/09/27 v1.99g Standard LaTeX package
Package textcomp Info: Sub-encoding information:
(textcomp)               5 = only ISO-Adobe without \textcurrency
(textcomp)               4 = 5 + \texteuro
(textcomp)               3 = 4 + \textohm
(textcomp)               2 = 3 + \textestimated + \textcurrency
(textcomp)               1 = TS1 - \textcircled - \t
(textcomp)               0 = TS1 (full)
(textcomp)             Font families with sub-encoding setting implement
(textcomp)             only a restricted character set as indicated.
(textcomp)             Family '?' is the default used for unknown fonts.
(textcomp)             See the documentation for details.
Package textcomp Info: Setting ? sub-encoding to TS1/1 on input line 71.

(/usr/share/texmf-dist/tex/latex/base/ts1enc.def
File: ts1enc.def 2001/06/05 v3.0e (jk/car/fm) Standard LaTeX file
Now handling font encoding TS1 ...
... processing UTF-8 mapping file for font encoding TS1

(/usr/share/texmf-dist/tex/latex/base/ts1enc.dfu
File: ts1enc.dfu 2008/04/05 v1.1m UTF-8 support for inputenc
   defining Unicode char U+00A2 (decimal 162)
   defining Unicode char U+00A3 (decimal 163)
   defining Unicode char U+00A4 (decimal 164)
   defining Unicode char U+00A5 (decimal 165)
   defining Unicode char U+00A6 (decimal 166)
   defining Unicode char U+00A7 (decimal 167)
   defining Unicode char U+00A8 (decimal 168)
   defining Unicode char U+00A9 (decimal 169)
   defining Unicode char U+00AA (decimal 170)
   defining Unicode char U+00AC (decimal 172)
   defining Unicode char U+00AE (decimal 174)
   defining Unicode char U+00AF (decimal 175)
   defining Unicode char U+00B0 (decimal 176)
   defining Unicode char U+00B1 (decimal 177)
   defining Unicode char U+00B2 (decimal 178)
   defining Unicode char U+00B3 (decimal 179)
   defining Unicode char U+00B4 (decimal 180)
   defining Unicode char U+00B5 (decimal 181)
   defining Unicode char U+00B6 (decimal 182)
   defining Unicode char U+00B7 (decimal 183)
   defining Unicode char U+00B9 (decimal 185)
   defining Unicode char U+00BA (decimal 186)
   defining Unicode char U+00BC (decimal 188)
   defining Unicode char U+00BD (decimal 189)
   defining Unicode char U+00BE (decimal 190)
   defining Unicode char U+00D7 (decimal 215)
   defining Unicode char U+00F7 (decimal 247)
   defining Unicode char U+0192 (decimal 402)
   defining Unicode char U+02C7 (decimal 711)
   defining Unicode char U+02D8 (decimal 728)
   defining Unicode char U+02DD (decimal 733)
   defining Unicode char U+0E3F (decimal 3647)
   defining Unicode char U+2016 (decimal 8214)
   defining Unicode char U+2020 (decimal 8224)
   defining Unicode char U+2021 (decimal 8225)
   defining Unicode char U+2022 (decimal 8226)
   defining Unicode char U+2030 (decimal 8240)
   defining Unicode char U+2031 (decimal 8241)
   defining Unicode char U+203B (decimal 8251)
   defining Unicode char U+203D (decimal 8253)
   defining Unicode char U+2044 (decimal 8260)
   defining Unicode char U+204E (decimal 8270)
   defining Unicode char U+2052 (decimal 8274)
   defining Unicode char U+20A1 (decimal 8353)
   defining Unicode char U+20A4 (decimal 8356)
   defining Unicode char U+20A6 (decimal 8358)
   defining Unicode char U+20A9 (decimal 8361)
   defining Unicode char U+20AB (decimal 8363)
   defining Unicode char U+20AC (decimal 8364)
   defining Unicode char U+20B1 (decimal 8369)
   defining Unicode char U+2103 (decimal 8451)
   defining Unicode char U+2116 (decimal 8470)
   defining Unicode char U+2117 (decimal 8471)
   defining Unicode char U+211E (decimal 8478)
   defining Unicode char U+2120 (decimal 8480)
   defining Unicode char U+2122 (decimal 8482)
   defining Unicode char U+2126 (decimal 8486)
   defining Unicode char U+2127 (decimal 8487)
   defining Unicode char U+212E (decimal 8494)
   defining Unicode char U+2190 (decimal 8592)
   defining Unicode char U+2191 (decimal 8593)
   defining Unicode char U+2192 (decimal 8594)
   defining Unicode char U+2193 (decimal 8595)
   defining Unicode char U+2329 (decimal 9001)
   defining Unicode char U+232A (decimal 9002)
   defining Unicode char U+2422 (decimal 9250)
   defining Unicode char U+25E6 (decimal 9702)
   defining Unicode char U+25EF (decimal 9711)
   defining Unicode char U+266A (decimal 9834)
))
LaTeX Info: Redefining \oldstylenums on input line 266.
Package textcomp Info: Setting cmr sub-encoding to TS1/0 on input line 281.
Package textcomp Info: Setting cmss sub-encoding to TS1/0 on input line 282.
Package textcomp Info: Setting cmtt sub-encoding to TS1/0 on input line 283.
Package textcomp Info: Setting cmvtt sub-encoding to TS1/0 on input line 284.
Package textcomp Info: Setting cmbr sub-encoding to TS1/0 on input line 285.
Package textcomp Info: Setting cmtl sub-encoding to TS1/0 on input line 286.
Package textcomp Info: Setting ccr sub-encoding to TS1/0 on input line 287.
Package textcomp Info: Setting ptm sub-encoding to TS1/4 on input line 288.
Package textcomp Info: Setting pcr sub-encoding to TS1/4 on input line 289.
Package textcomp Info: Setting phv sub-encoding to TS1/4 on input line 290.
Package textcomp Info: Setting ppl sub-encoding to TS1/3 on input line 291.
Package textcomp Info: Setting pag sub-encoding to TS1/4 on input line 292.
Package textcomp Info: Setting pbk sub-encoding to TS1/4 on input line 293.
Package textcomp Info: Setting pnc sub-encoding to TS1/4 on input line 294.
Package textcomp Info: Setting pzc sub-encoding to TS1/4 on input line 295.
Package textcomp Info: Setting bch sub-encoding to TS1/4 on input line 296.
Package textcomp Info: Setting put sub-encoding to TS1/5 on input line 297.
Package textcomp Info: Setting uag sub-encoding to TS1/5 on input line 298.
Package textcomp Info: Setting ugq sub-encoding to TS1/5 on input line 299.
Package textcomp Info: Setting ul8 sub-encoding to TS1/4 on input line 300.
Package textcomp Info: Setting ul9 sub-encoding to TS1/4 on input line 301.
Package textcomp Info: Setting augie sub-encoding to TS1/5 on input line 302.
Package textcomp Info: Setting dayrom sub-encoding to TS1/3 on input line 303.
Package textcomp Info: Setting dayroms sub-encoding to TS1/3 on input line 304.

Package textcomp Info: Setting pxr sub-encoding to TS1/0 on input line 305.
Package textcomp Info: Setting pxss sub-encoding to TS1/0 on input line 306.
Package textcomp Info: Setting pxtt sub-encoding to TS1/0 on input line 307.
Package textcomp Info: Setting txr sub-encoding to TS1/0 on input line 308.
Package textcomp Info: Setting txss sub-encoding to TS1/0 on input line 309.
Package textcomp Info: Setting txtt sub-encoding to TS1/0 on input line 310.
Package textcomp Info: Setting lmr sub-encoding to TS1/0 on input line 311.
Package textcomp Info: Setting lmdh sub-encoding to TS1/0 on input line 312.
Package textcomp Info: Setting lmss sub-encoding to TS1/0 on input line 313.
Package textcomp Info: Setting lmssq sub-encoding to TS1/0 on input line 314.
Package textcomp Info: Setting lmvtt sub-encoding to TS1/0 on input line 315.
Package textcomp Info: Setting qhv sub-encoding to TS1/0 on input line 316.
Package textcomp Info: Setting qag sub-encoding to TS1/0 on input line 317.
Package textcomp Info: Setting qbk sub-encoding to TS1/0 on input line 318.
Package textcomp Info: Setting qcr sub-encoding to TS1/0 on input line 319.
Package textcomp Info: Setting qcs sub-encoding to TS1/0 on input line 320.
Package textcomp Info: Setting qpl sub-encoding to TS1/0 on input line 321.
Package textcomp Info: Setting qtm sub-encoding to TS1/0 on input line 322.
Package textcomp Info: Setting qzc sub-encoding to TS1/0 on input line 323.
Package textcomp Info: Setting qhvc sub-encoding to TS1/0 on input line 324.
Package textcomp Info: Setting futs sub-encoding to TS1/4 on input line 325.
Package textcomp Info: Setting futx sub-encoding to TS1/4 on input line 326.
Package textcomp Info: Setting futj sub-encoding to TS1/4 on input line 327.
Package textcomp Info: Setting hlh sub-encoding to TS1/3 on input line 328.
Package textcomp Info: Setting hls sub-encoding to TS1/3 on input line 329.
Package textcomp Info: Setting hlst sub-encoding to TS1/3 on input line 330.
Package textcomp Info: Setting hlct sub-encoding to TS1/5 on input line 331.
Package textcomp Info: Setting hlx sub-encoding to TS1/5 on input line 332.
Package textcomp Info: Setting hlce sub-encoding to TS1/5 on input line 333.
Package textcomp Info: Setting hlcn sub-encoding to TS1/5 on input line 334.
Package textcomp Info: Setting hlcw sub-encoding to TS1/5 on input line 335.
Package textcomp Info: Setting hlcf sub-encoding to TS1/5 on input line 336.
Package textcomp Info: Setting pplx sub-encoding to TS1/3 on input line 337.
Package textcomp Info: Setting pplj sub-encoding to TS1/3 on input line 338.
Package textcomp Info: Setting ptmx sub-encoding to TS1/4 on input line 339.
Package textcomp Info: Setting ptmj sub-encoding to TS1/4 on input line 340.
)
(/usr/share/texmf-dist/tex/latex/base/fontenc.sty
Package: fontenc 2005/09/27 v1.99g Standard LaTeX package

(/usr/share/texmf-dist/tex/latex/base/t1enc.def
File: t1enc.def 2005/09/27 v1.99g Standard LaTeX file
LaTeX Font Info:    Redeclaring font encoding T1 on input line 43.
))
(/usr/share/texmf-dist/tex/latex/psnfss/mathptmx.sty
Package: mathptmx 2005/04/12 PSNFSS-v9.2a Times w/ Math, improved (SPQR, WaS) 
LaTeX Font Info:    Redeclaring symbol font `operators' on input line 28.
LaTeX Font Info:    Overwriting symbol font `operators' in version `normal'
(Font)                  OT1/cmr/m/n --> OT1/ztmcm/m/n on input line 28.
LaTeX Font Info:    Overwriting symbol font `operators' in version `bold'
(Font)                  OT1/cmr/bx/n --> OT1/ztmcm/m/n on input line 28.
LaTeX Font Info:    Redeclaring symbol font `letters' on input line 29.
LaTeX Font Info:    Overwriting symbol font `letters' in version `normal'
(Font)                  OML/cmm/m/it --> OML/ztmcm/m/it on input line 29.
LaTeX Font Info:    Overwriting symbol font `letters' in version `bold'
(Font)                  OML/cmm/b/it --> OML/ztmcm/m/it on input line 29.
LaTeX Font Info:    Redeclaring symbol font `symbols' on input line 30.
LaTeX Font Info:    Overwriting symbol font `symbols' in version `normal'
(Font)                  OMS/cmsy/m/n --> OMS/ztmcm/m/n on input line 30.
LaTeX Font Info:    Overwriting symbol font `symbols' in version `bold'
(Font)                  OMS/cmsy/b/n --> OMS/ztmcm/m/n on input line 30.
LaTeX Font Info:    Redeclaring symbol font `largesymbols' on input line 31.
LaTeX Font Info:    Overwriting symbol font `largesymbols' in version `normal'
(Font)                  OMX/cmex/m/n --> OMX/ztmcm/m/n on input line 31.
LaTeX Font Info:    Overwriting symbol font `largesymbols' in version `bold'
(Font)                  OMX/cmex/m/n --> OMX/ztmcm/m/n on input line 31.
\symbold=\mathgroup4
\symitalic=\mathgroup5
LaTeX Font Info:    Redeclaring math alphabet \mathbf on input line 34.
LaTeX Font Info:    Overwriting math alphabet `\mathbf' in version `normal'
(Font)                  OT1/cmr/bx/n --> OT1/ptm/bx/n on input line 34.
LaTeX Font Info:    Overwriting math alphabet `\mathbf' in version `bold'
(Font)                  OT1/cmr/bx/n --> OT1/ptm/bx/n on input line 34.
LaTeX Font Info:    Redeclaring math alphabet \mathit on input line 35.
LaTeX Font Info:    Overwriting math alphabet `\mathit' in version `normal'
(Font)                  OT1/cmr/m/it --> OT1/ptm/m/it on input line 35.
LaTeX Font Info:    Overwriting math alphabet `\mathit' in version `bold'
(Font)                  OT1/cmr/bx/it --> OT1/ptm/m/it on input line 35.
LaTeX Info: Redefining \hbar on input line 50.
)
(/usr/share/texmf-dist/tex/latex/psnfss/helvet.sty
Package: helvet 2005/04/12 PSNFSS-v9.2a (WaS) 
)
(/usr/share/texmf-dist/tex/latex/psnfss/courier.sty
Package: courier 2005/04/12 PSNFSS-v9.2a (WaS) 
)
(/usr/share/texmf-dist/tex/latex/amsfonts/amssymb.sty
Package: amssymb 2013/01/14 v3.01 AMS font symbols

(/usr/share/texmf-dist/tex/latex/amsfonts/amsfonts.sty
Package: amsfonts 2013/01/14 v3.01 Basic AMSFonts support
\@emptytoks=\toks23
\symAMSa=\mathgroup6
\symAMSb=\mathgroup7
LaTeX Font Info:    Overwriting math alphabet `\mathfrak' in version `bold'
(Font)                  U/euf/m/n --> U/euf/b/n on input line 106.
))
(/usr/share/texmf-dist/tex/latex/sectsty/sectsty.sty
Package: sectsty 2002/02/25 v2.0.2 Commands to change all sectional heading sty
les
)
(/usr/share/texmf-dist/tex/latex/geometry/geometry.sty
Package: geometry 2010/09/12 v5.6 Page Geometry

(/usr/share/texmf-dist/tex/generic/oberdiek/ifpdf.sty
Package: ifpdf 2011/01/30 v2.3 Provides the ifpdf switch (HO)
Package ifpdf Info: pdfTeX in PDF mode is detected.
)
(/usr/share/texmf-dist/tex/generic/oberdiek/ifvtex.sty
Package: ifvtex 2010/03/01 v1.5 Detect VTeX and its facilities (HO)
Package ifvtex Info: VTeX not detected.
)
(/usr/share/texmf-dist/tex/generic/ifxetex/ifxetex.sty
Package: ifxetex 2010/09/12 v0.6 Provides ifxetex conditional
)
\Gm@cnth=\count110
\Gm@cntv=\count111
\c@Gm@tempcnt=\count112
\Gm@bindingoffset=\dimen133
\Gm@wd@mp=\dimen134
\Gm@odd@mp=\dimen135
\Gm@even@mp=\dimen136
\Gm@layoutwidth=\dimen137
\Gm@layoutheight=\dimen138
\Gm@layouthoffset=\dimen139
\Gm@layoutvoffset=\dimen140
\Gm@dimlist=\toks24
)
(/usr/share/texmf-dist/tex/latex/fancyhdr/fancyhdr.sty
\fancy@headwidth=\skip56
\f@ncyO@elh=\skip57
\f@ncyO@erh=\skip58
\f@ncyO@olh=\skip59
\f@ncyO@orh=\skip60
\f@ncyO@elf=\skip61
\f@ncyO@erf=\skip62
\f@ncyO@olf=\skip63
\f@ncyO@orf=\skip64
)
(/usr/share/texmf-dist/tex/latex/natbib/natbib.sty
Package: natbib 2010/09/13 8.31b (PWD, AO)
\bibhang=\skip65
\bibsep=\skip66
LaTeX Info: Redefining \cite on input line 694.
\c@NAT@ctr=\count113
)
(/usr/share/texmf-dist/tex/latex/tocloft/tocloft.sty
Package: tocloft 2013/05/02 v2.3f parameterised ToC, etc., typesetting
Package tocloft Info: The document has chapter divisions on input line 44.
\cftparskip=\skip67
\cftbeforetoctitleskip=\skip68
\cftaftertoctitleskip=\skip69
\cftbeforepartskip=\skip70
\cftpartnumwidth=\skip71
\cftpartindent=\skip72
\cftbeforechapskip=\skip73
\cftchapindent=\skip74
\cftchapnumwidth=\skip75
\cftbeforesecskip=\skip76
\cftsecindent=\skip77
\cftsecnumwidth=\skip78
\cftbeforesubsecskip=\skip79
\cftsubsecindent=\skip80
\cftsubsecnumwidth=\skip81
\cftbeforesubsubsecskip=\skip82
\cftsubsubsecindent=\skip83
\cftsubsubsecnumwidth=\skip84
\cftbeforeparaskip=\skip85
\cftparaindent=\skip86
\cftparanumwidth=\skip87
\cftbeforesubparaskip=\skip88
\cftsubparaindent=\skip89
\cftsubparanumwidth=\skip90
\cftbeforeloftitleskip=\skip91
\cftafterloftitleskip=\skip92
\cftbeforefigskip=\skip93
\cftfigindent=\skip94
\cftfignumwidth=\skip95
\c@lofdepth=\count114
\c@lotdepth=\count115
\cftbeforelottitleskip=\skip96
\cftafterlottitleskip=\skip97
\cftbeforetabskip=\skip98
\cfttabindent=\skip99
\cfttabnumwidth=\skip100
)
\@indexfile=\write3
\openout3 = `refman.idx'.


Writing index file refman.idx
(/usr/share/texmf-dist/tex/latex/hyperref/hyperref.sty
Package: hyperref 2012/11/06 v6.83m Hypertext links for LaTeX

(/usr/share/texmf-dist/tex/generic/oberdiek/hobsub-hyperref.sty
Package: hobsub-hyperref 2012/05/28 v1.13 Bundle oberdiek, subset hyperref (HO)


(/usr/share/texmf-dist/tex/generic/oberdiek/hobsub-generic.sty
Package: hobsub-generic 2012/05/28 v1.13 Bundle oberdiek, subset generic (HO)
Package: hobsub 2012/05/28 v1.13 Construct package bundles (HO)
Package hobsub Info: Skipping package `infwarerr' (already loaded).
Package hobsub Info: Skipping package `ltxcmds' (already loaded).
Package: ifluatex 2010/03/01 v1.3 Provides the ifluatex switch (HO)
Package ifluatex Info: LuaTeX not detected.
Package hobsub Info: Skipping package `ifvtex' (already loaded).
Package: intcalc 2007/09/27 v1.1 Expandable calculations with integers (HO)
Package hobsub Info: Skipping package `ifpdf' (already loaded).
Package: etexcmds 2011/02/16 v1.5 Avoid name clashes with e-TeX commands (HO)
Package etexcmds Info: Could not find \expanded.
(etexcmds)             That can mean that you are not using pdfTeX 1.50 or
(etexcmds)             that some package has redefined \expanded.
(etexcmds)             In the latter case, load this package earlier.
Package: kvsetkeys 2012/04/25 v1.16 Key value parser (HO)
Package: kvdefinekeys 2011/04/07 v1.3 Define keys (HO)
Package: pdftexcmds 2011/11/29 v0.20 Utility functions of pdfTeX for LuaTeX (HO
)
Package pdftexcmds Info: LuaTeX not detected.
Package pdftexcmds Info: \pdf@primitive is available.
Package pdftexcmds Info: \pdf@ifprimitive is available.
Package pdftexcmds Info: \pdfdraftmode found.
Package: pdfescape 2011/11/25 v1.13 Implements pdfTeX's escape features (HO)
Package: bigintcalc 2012/04/08 v1.3 Expandable calculations on big integers (HO
)
Package: bitset 2011/01/30 v1.1 Handle bit-vector datatype (HO)
Package: uniquecounter 2011/01/30 v1.2 Provide unlimited unique counter (HO)
)
Package hobsub Info: Skipping package `hobsub' (already loaded).
Package: letltxmacro 2010/09/02 v1.4 Let assignment for LaTeX macros (HO)
Package: hopatch 2012/05/28 v1.2 Wrapper for package hooks (HO)
Package: xcolor-patch 2011/01/30 xcolor patch
Package: atveryend 2011/06/30 v1.8 Hooks at the very end of document (HO)
Package atveryend Info: \enddocument detected (standard20110627).
Package: atbegshi 2011/10/05 v1.16 At begin shipout hook (HO)
Package: refcount 2011/10/16 v3.4 Data extraction from label references (HO)
Package: hycolor 2011/01/30 v1.7 Color options for hyperref/bookmark (HO)
)
(/usr/share/texmf-dist/tex/latex/oberdiek/auxhook.sty
Package: auxhook 2011/03/04 v1.3 Hooks for auxiliary files (HO)
)
(/usr/share/texmf-dist/tex/latex/oberdiek/kvoptions.sty
Package: kvoptions 2011/06/30 v3.11 Key value format for package options (HO)
)
\@linkdim=\dimen141
\Hy@linkcounter=\count116
\Hy@pagecounter=\count117

(/usr/share/texmf-dist/tex/latex/hyperref/pd1enc.def
File: pd1enc.def 2012/11/06 v6.83m Hyperref: PDFDocEncoding definition (HO)
Now handling font encoding PD1 ...
... no UTF-8 mapping file for font encoding PD1
)
\Hy@SavedSpaceFactor=\count118

(/usr/share/texmf-dist/tex/latex/latexconfig/hyperref.cfg
File: hyperref.cfg 2002/06/06 v1.2 hyperref configuration of TeXLive
)
Package hyperref Info: Hyper figures OFF on input line 4443.
Package hyperref Info: Link nesting OFF on input line 4448.
Package hyperref Info: Hyper index ON on input line 4451.
Package hyperref Info: Plain pages OFF on input line 4458.
Package hyperref Info: Backreferencing ON on input line 4461.
Package hyperref Info: Implicit mode ON; LaTeX internals redefined.
Package hyperref Info: Bookmarks ON on input line 4688.

(/usr/share/texmf-dist/tex/latex/hyperref/backref.sty
Package: backref 2012/07/25 v1.38 Bibliographical back referencing

(/usr/share/texmf-dist/tex/latex/oberdiek/rerunfilecheck.sty
Package: rerunfilecheck 2011/04/15 v1.7 Rerun checks for auxiliary files (HO)
Package uniquecounter Info: New unique counter `rerunfilecheck' on input line 2
82.
))
\c@Hy@tempcnt=\count119

(/usr/share/texmf-dist/tex/latex/url/url.sty
\Urlmuskip=\muskip10
Package: url 2006/04/12  ver 3.3  Verb mode for urls, etc.
)
LaTeX Info: Redefining \url on input line 5041.
\XeTeXLinkMargin=\dimen142
\Fld@menulength=\count120
\Field@Width=\dimen143
\Fld@charsize=\dimen144
Package hyperref Info: Hyper figures OFF on input line 6295.
Package hyperref Info: Link nesting OFF on input line 6300.
Package hyperref Info: Hyper index ON on input line 6303.
Package hyperref Info: backreferencing ON on input line 6308.
Package hyperref Info: Link coloring OFF on input line 6315.
Package hyperref Info: Link coloring with OCG OFF on input line 6320.
Package hyperref Info: PDF/A mode OFF on input line 6325.
LaTeX Info: Redefining \ref on input line 6365.
LaTeX Info: Redefining \pageref on input line 6369.
\Hy@abspage=\count121
\c@Item=\count122
\c@Hfootnote=\count123
)

Package hyperref Message: Driver: hpdftex.

(/usr/share/texmf-dist/tex/latex/hyperref/hpdftex.def
File: hpdftex.def 2012/11/06 v6.83m Hyperref driver for pdfTeX
\Fld@listcount=\count124
\c@bookmark@seq@number=\count125
\Hy@SectionHShift=\skip101
)
Package hyperref Info: Option `colorlinks' set `true' on input line 101.
Package hyperref Info: Option `unicode' set `true' on input line 101.

(/usr/share/texmf-dist/tex/latex/hyperref/puenc.def
File: puenc.def 2012/11/06 v6.83m Hyperref: PDF Unicode definition (HO)
Now handling font encoding PU ...
... no UTF-8 mapping file for font encoding PU
) (./refman.aux)
\openout1 = `refman.aux'.

LaTeX Font Info:    Checking defaults for OML/cmm/m/it on input line 111.
LaTeX Font Info:    ... okay on input line 111.
LaTeX Font Info:    Checking defaults for T1/cmr/m/n on input line 111.
LaTeX Font Info:    ... okay on input line 111.
LaTeX Font Info:    Checking defaults for OT1/cmr/m/n on input line 111.
LaTeX Font Info:    ... okay on input line 111.
LaTeX Font Info:    Checking defaults for OMS/cmsy/m/n on input line 111.
LaTeX Font Info:    ... okay on input line 111.
LaTeX Font Info:    Checking defaults for OMX/cmex/m/n on input line 111.
LaTeX Font Info:    ... okay on input line 111.
LaTeX Font Info:    Checking defaults for U/cmr/m/n on input line 111.
LaTeX Font Info:    ... okay on input line 111.
LaTeX Font Info:    Checking defaults for TS1/cmr/m/n on input line 111.
LaTeX Font Info:    Try loading font information for TS1+cmr on input line 111.


(/usr/share/texmf-dist/tex/latex/base/ts1cmr.fd
File: ts1cmr.fd 1999/05/25 v2.5h Standard LaTeX font definitions
)
LaTeX Font Info:    ... okay on input line 111.
LaTeX Font Info:    Checking defaults for PD1/pdf/m/n on input line 111.
LaTeX Font Info:    ... okay on input line 111.
LaTeX Font Info:    Checking defaults for PU/pdf/m/n on input line 111.
LaTeX Font Info:    ... okay on input line 111.
LaTeX Font Info:    Try loading font information for T1+phv on input line 111.

(/usr/share/texmf-dist/tex/latex/psnfss/t1phv.fd
File: t1phv.fd 2001/06/04 scalable font definitions for T1/phv.
)
LaTeX Font Info:    Font shape `T1/phv/m/n' will be
(Font)              scaled to size 8.99994pt on input line 111.

(/usr/share/texmf-dist/tex/context/base/supp-pdf.mkii
[Loading MPS to PDF converter (version 2006.09.02).]
\scratchcounter=\count126
\scratchdimen=\dimen145
\scratchbox=\box56
\nofMPsegments=\count127
\nofMParguments=\count128
\everyMPshowfont=\toks25
\MPscratchCnt=\count129
\MPscratchDim=\dimen146
\MPnumerator=\count130
\makeMPintoPDFobject=\count131
\everyMPtoPDFconversion=\toks26
) (/usr/share/texmf-dist/tex/latex/oberdiek/epstopdf-base.sty
Package: epstopdf-base 2010/02/09 v2.5 Base part for package epstopdf

(/usr/share/texmf-dist/tex/latex/oberdiek/grfext.sty
Package: grfext 2010/08/19 v1.1 Manage graphics extensions (HO)
)
Package grfext Info: Graphics extension search list:
(grfext)             [.png,.pdf,.jpg,.mps,.jpeg,.jbig2,.jb2,.PNG,.PDF,.JPG,.JPE
G,.JBIG2,.JB2,.eps]
(grfext)             \AppendGraphicsExtensions on input line 452.

(/usr/share/texmf-dist/tex/latex/latexconfig/epstopdf-sys.cfg
File: epstopdf-sys.cfg 2010/07/13 v1.3 Configuration of (r)epstopdf for TeX Liv
e
))
\big@size=\dimen147

*geometry* driver: auto-detecting
*geometry* detected driver: pdftex
*geometry* verbose mode - [ preamble ] result:
* driver: pdftex
* paper: a4paper
* layout: <same size as paper>
* layoutoffset:(h,v)=(0.0pt,0.0pt)
* modes: twoside 
* h-part:(L,W,R)=(71.13188pt, 455.24411pt, 71.13188pt)
* v-part:(T,H,B)=(71.13188pt, 702.78308pt, 71.13188pt)
* \paperwidth=597.50787pt
* \paperheight=845.04684pt
* \textwidth=455.24411pt
* \textheight=702.78308pt
* \oddsidemargin=-1.1381pt
* \evensidemargin=-1.1381pt
* \topmargin=-31.2056pt
* \headheight=12.0pt
* \headsep=18.06749pt
* \topskip=10.0pt
* \footskip=25.29494pt
* \marginparwidth=125.0pt
* \marginparsep=7.0pt
* \columnsep=10.0pt
* \skip\footins=9.0pt plus 4.0pt minus 2.0pt
* \hoffset=0.0pt
* \voffset=0.0pt
* \mag=1000
* \@twocolumnfalse
* \@twosidetrue
* \@mparswitchtrue
* \@reversemarginfalse
* (1in=72.27pt=25.4mm, 1cm=28.453pt)

\AtBeginShipoutBox=\box57
Package backref Info: ** backref set up for natbib ** on input line 111.
Package hyperref Info: Link coloring ON on input line 111.
(/usr/share/texmf-dist/tex/latex/hyperref/nameref.sty
Package: nameref 2012/10/27 v2.43 Cross-referencing by name of section

(/usr/share/texmf-dist/tex/generic/oberdiek/gettitlestring.sty
Package: gettitlestring 2010/12/03 v1.4 Cleanup title references (HO)
)
\c@section@level=\count132
)
LaTeX Info: Redefining \ref on input line 111.
LaTeX Info: Redefining \pageref on input line 111.
LaTeX Info: Redefining \nameref on input line 111.
 (./refman.out) (./refman.out)
\@outlinefile=\write4
\openout4 = `refman.out'.

Package hyperref Info: Option `pageanchor' set `false' on input line 114.
LaTeX Font Info:    Font shape `T1/phv/m/n' will be
(Font)              scaled to size 12.9599pt on input line 119.
LaTeX Font Info:    Font shape `T1/phv/m/n' will be
(Font)              scaled to size 10.79993pt on input line 121.
LaTeX Font Info:    Font shape `T1/phv/m/n' will be
(Font)              scaled to size 8.09995pt on input line 123.
 [1


{/var/lib/texmf/fonts/map/pdftex/updmap/pdftex.map}] [2

]
LaTeX Font Info:    Font shape `T1/phv/m/n' will be
(Font)              scaled to size 22.39185pt on input line 127.
LaTeX Font Info:    Font shape `T1/phv/bx/n' in size <24.88> not available
(Font)              Font shape `T1/phv/b/n' tried instead on input line 127.
LaTeX Font Info:    Font shape `T1/phv/b/n' will be
(Font)              scaled to size 22.39185pt on input line 127.
LaTeX Font Info:    Font shape `T1/phv/bc/n' will be
(Font)              scaled to size 22.39185pt on input line 127.

(./refman.toc
LaTeX Font Info:    Font shape `T1/phv/bx/n' in size <10> not available
(Font)              Font shape `T1/phv/b/n' tried instead on input line 1.
LaTeX Font Info:    Font shape `T1/phv/b/n' will be
(Font)              scaled to size 8.99994pt on input line 1.
LaTeX Font Info:    Try loading font information for OT1+ztmcm on input line 1.

 (/usr/share/texmf-dist/tex/latex/psnfss/ot1ztmcm.fd
File: ot1ztmcm.fd 2000/01/03 Fontinst v1.801 font definitions for OT1/ztmcm.
)
LaTeX Font Info:    Try loading font information for OML+ztmcm on input line 1.


(/usr/share/texmf-dist/tex/latex/psnfss/omlztmcm.fd
File: omlztmcm.fd 2000/01/03 Fontinst v1.801 font definitions for OML/ztmcm.
)
LaTeX Font Info:    Try loading font information for OMS+ztmcm on input line 1.


(/usr/share/texmf-dist/tex/latex/psnfss/omsztmcm.fd
File: omsztmcm.fd 2000/01/03 Fontinst v1.801 font definitions for OMS/ztmcm.
)
LaTeX Font Info:    Try loading font information for OMX+ztmcm on input line 1.


(/usr/share/texmf-dist/tex/latex/psnfss/omxztmcm.fd
File: omxztmcm.fd 2000/01/03 Fontinst v1.801 font definitions for OMX/ztmcm.
)
LaTeX Font Info:    Try loading font information for OT1+ptm on input line 1.

(/usr/share/texmf-dist/tex/latex/psnfss/ot1ptm.fd
File: ot1ptm.fd 2001/06/04 font definitions for OT1/ptm.
)
LaTeX Font Info:    Font shape `OT1/ptm/bx/n' in size <10> not available
(Font)              Font shape `OT1/ptm/b/n' tried instead on input line 1.
LaTeX Font Info:    Font shape `OT1/ptm/bx/n' in size <7.4> not available
(Font)              Font shape `OT1/ptm/b/n' tried instead on input line 1.
LaTeX Font Info:    Font shape `OT1/ptm/bx/n' in size <6> not available
(Font)              Font shape `OT1/ptm/b/n' tried instead on input line 1.
 [3

]
LaTeX Font Info:    Font shape `T1/phv/bx/n' in size <7> not available
(Font)              Font shape `T1/phv/b/n' tried instead on input line 70.
LaTeX Font Info:    Font shape `T1/phv/b/n' will be
(Font)              scaled to size 6.29996pt on input line 70.
 [4] [5]
Underfull \hbox (badness 10000) in paragraph at lines 123--123
 [][] [][][]\T1/phv/m/n/10 /home/warren/-U-T-F-S-M/2014-_-1-_--C-R-A-B-O-T/soft
ware/-C-P-P-N--N-E-A-T/headers/-C-P-P-N--N-E-A-T.hpp File 
 []


Underfull \hbox (badness 10000) in paragraph at lines 130--130
 [][] [][][]\T1/phv/m/n/10 /home/warren/-U-T-F-S-M/2014-_-1-_--C-R-A-B-O-T/soft
ware/-C-P-P-N--N-E-A-T/headers/genetic-_-encoding.hpp 
 []


Underfull \hbox (badness 3942) in paragraph at lines 133--133
 [][] [][][]\T1/phv/m/n/10 /home/warren/-U-T-F-S-M/2014-_-1-_--C-R-A-B-O-T/soft
ware/-C-P-P-N--N-E-A-T/headers/user-_-definitions.hpp File 
 []

[6]
Underfull \hbox (badness 10000) in paragraph at lines 173--173
 [][] [][][]\T1/phv/m/n/10 /home/warren/-U-T-F-S-M/2014-_-1-_--C-R-A-B-O-T/soft
ware/-C-P-P-N--N-E-A-T/src/test-_-genetic-_-encoding.cpp 
 []

)
\tf@toc=\write5
\openout5 = `refman.toc'.

 [7] [8

]
Package hyperref Info: Option `pageanchor' set `true' on input line 130.

Chapter 1.
LaTeX Font Info:    Font shape `T1/phv/m/n' will be
(Font)              scaled to size 18.66588pt on input line 133.
LaTeX Font Info:    Font shape `T1/phv/bx/n' in size <20.74> not available
(Font)              Font shape `T1/phv/b/n' tried instead on input line 133.
LaTeX Font Info:    Font shape `T1/phv/b/n' will be
(Font)              scaled to size 18.66588pt on input line 133.
LaTeX Font Info:    Font shape `T1/phv/bc/n' will be
(Font)              scaled to size 18.66588pt on input line 133.

(./md__home_warren__u_t_f_s_m_2014_1__c_r_a_b_o_t_software__c_p_p_n-_n_e_a_t__r
_e_a_d_m_e.tex
LaTeX Font Info:    Font shape `T1/phv/bx/n' in size <12> not available
(Font)              Font shape `T1/phv/b/n' tried instead on input line 1.
LaTeX Font Info:    Font shape `T1/phv/b/n' will be
(Font)              scaled to size 10.79993pt on input line 1.
LaTeX Font Info:    Font shape `T1/phv/bc/n' will be
(Font)              scaled to size 10.79993pt on input line 1.
LaTeX Font Info:    Font shape `T1/phv/m/it' in size <10> not available
(Font)              Font shape `T1/phv/m/sl' tried instead on input line 3.
LaTeX Font Info:    Font shape `T1/phv/m/sl' will be
(Font)              scaled to size 8.99994pt on input line 3.
LaTeX Font Info:    Font shape `T1/phv/bc/n' will be
(Font)              scaled to size 8.99994pt on input line 11.
LaTeX Font Info:    Try loading font information for TS1+phv on input line 23.
 (/usr/share/texmf-dist/tex/latex/psnfss/ts1phv.fd
File: ts1phv.fd 2001/06/04 scalable font definitions for TS1/phv.
)
LaTeX Font Info:    Font shape `TS1/phv/m/n' will be
(Font)              scaled to size 8.99994pt on input line 23.
) [1

] [2

]
Chapter 2.
(./namespaces.tex
LaTeX Font Info:    Font shape `T1/phv/bx/n' in size <14.4> not available
(Font)              Font shape `T1/phv/b/n' tried instead on input line 1.
LaTeX Font Info:    Font shape `T1/phv/b/n' will be
(Font)              scaled to size 12.9599pt on input line 1.
LaTeX Font Info:    Font shape `T1/phv/bc/n' will be
(Font)              scaled to size 12.9599pt on input line 1.
) [3] [4

]
Chapter 3.
(./annotated.tex) [5] [6

]
Chapter 4.
(./files.tex) [7] [8

]
Chapter 5.
(./namespace_a_n_n___u_s_m.tex
Underfull \hbox (badness 10000) detected at line 32
[][][]
 []

LaTeX Font Info:    Font shape `T1/phv/bx/it' in size <10> not available
(Font)              Font shape `T1/phv/b/it' tried instead on input line 36.
LaTeX Font Info:    Font shape `T1/phv/b/it' in size <10> not available
(Font)              Font shape `T1/phv/b/sl' tried instead on input line 36.
LaTeX Font Info:    Font shape `T1/phv/b/sl' will be
(Font)              scaled to size 8.99994pt on input line 36.
) [9] [10

]
Chapter 6.
(./class_a_n_n___u_s_m_1_1connection__gene.tex
LaTeX Font Info:    Try loading font information for T1+pcr on input line 6.

(/usr/share/texmf-dist/tex/latex/psnfss/t1pcr.fd
File: t1pcr.fd 2001/06/04 font definitions for T1/pcr.
)
LaTeX Font Info:    Font shape `T1/phv/bc/it' in size <10> not available
(Font)              Font shape `T1/phv/bc/sl' tried instead on input line 50.
LaTeX Font Info:    Font shape `T1/phv/bc/sl' will be
(Font)              scaled to size 8.99994pt on input line 50.

<class_a_n_n___u_s_m_1_1connection__gene_a48a26d3795acd28e5448a2f542289729_icgr
aph.pdf, id=1068, 807.015pt x 346.29375pt>
File: class_a_n_n___u_s_m_1_1connection__gene_a48a26d3795acd28e5448a2f542289729
_icgraph.pdf Graphic file (type pdf)

<use class_a_n_n___u_s_m_1_1connection__gene_a48a26d3795acd28e5448a2f542289729_
icgraph.pdf>
Package pdftex.def Info: class_a_n_n___u_s_m_1_1connection__gene_a48a26d3795acd
28e5448a2f542289729_icgraph.pdf used on input line 62.
(pdftex.def)             Requested size: 350.0pt x 150.18741pt.

Underfull \vbox (badness 3000) has occurred while \output is active []

 [11]
<class_a_n_n___u_s_m_1_1connection__gene_aa1d7dbb4900169b5b20428188e4f38ff_icgr
aph.pdf, id=1086, 807.015pt x 346.29375pt>
File: class_a_n_n___u_s_m_1_1connection__gene_aa1d7dbb4900169b5b20428188e4f38ff
_icgraph.pdf Graphic file (type pdf)

<use class_a_n_n___u_s_m_1_1connection__gene_aa1d7dbb4900169b5b20428188e4f38ff_
icgraph.pdf>
Package pdftex.def Info: class_a_n_n___u_s_m_1_1connection__gene_aa1d7dbb490016
9b5b20428188e4f38ff_icgraph.pdf used on input line 85.
(pdftex.def)             Requested size: 350.0pt x 150.18741pt.
 [12 <./class_a_n_n___u_s_m_1_1connection__gene_a48a26d3795acd28e5448a2f5422897
29_icgraph.pdf> <./class_a_n_n___u_s_m_1_1connection__gene_aa1d7dbb4900169b5b20
428188e4f38ff_icgraph.pdf

pdfTeX warning: pdflatex (file ./class_a_n_n___u_s_m_1_1connection__gene_aa1d7d
bb4900169b5b20428188e4f38ff_icgraph.pdf): PDF inclusion: multiple pdfs with pag
e group included in a single page
>]) (./class_function.tex
<class_function_a2738abb4d98326b3789ad2b0ad44dfd8_icgraph.pdf, id=1112, 373.395
pt x 110.4125pt>
File: class_function_a2738abb4d98326b3789ad2b0ad44dfd8_icgraph.pdf Graphic file
 (type pdf)

<use class_function_a2738abb4d98326b3789ad2b0ad44dfd8_icgraph.pdf>
Package pdftex.def Info: class_function_a2738abb4d98326b3789ad2b0ad44dfd8_icgra
ph.pdf used on input line 85.
(pdftex.def)             Requested size: 350.0pt x 103.49965pt.
 [13])
(./class_a_n_n___u_s_m_1_1_genetic___encoding.tex [14 <./class_function_a2738ab
b4d98326b3789ad2b0ad44dfd8_icgraph.pdf>]
<class_a_n_n___u_s_m_1_1_genetic___encoding_a4e46296d0531840686d8a0e6927c3eae_c
graph.pdf, id=1174, 389.455pt x 159.59625pt>
File: class_a_n_n___u_s_m_1_1_genetic___encoding_a4e46296d0531840686d8a0e6927c3
eae_cgraph.pdf Graphic file (type pdf)

<use class_a_n_n___u_s_m_1_1_genetic___encoding_a4e46296d0531840686d8a0e6927c3e
ae_cgraph.pdf>
Package pdftex.def Info: class_a_n_n___u_s_m_1_1_genetic___encoding_a4e46296d05
31840686d8a0e6927c3eae_cgraph.pdf used on input line 78.
(pdftex.def)             Requested size: 350.0pt x 143.43315pt.

<class_a_n_n___u_s_m_1_1_genetic___encoding_a4e46296d0531840686d8a0e6927c3eae_i
cgraph.pdf, id=1175, 650.43pt x 346.29375pt>
File: class_a_n_n___u_s_m_1_1_genetic___encoding_a4e46296d0531840686d8a0e6927c3
eae_icgraph.pdf Graphic file (type pdf)

<use class_a_n_n___u_s_m_1_1_genetic___encoding_a4e46296d0531840686d8a0e6927c3e
ae_icgraph.pdf>
Package pdftex.def Info: class_a_n_n___u_s_m_1_1_genetic___encoding_a4e46296d05
31840686d8a0e6927c3eae_icgraph.pdf used on input line 90.
(pdftex.def)             Requested size: 350.0pt x 186.3459pt.

<class_a_n_n___u_s_m_1_1_genetic___encoding_a58aae26273d906a268974b3e32e830eb_c
graph.pdf, id=1176, 578.16pt x 159.59625pt>
File: class_a_n_n___u_s_m_1_1_genetic___encoding_a58aae26273d906a268974b3e32e83
0eb_cgraph.pdf Graphic file (type pdf)

<use class_a_n_n___u_s_m_1_1_genetic___encoding_a58aae26273d906a268974b3e32e830
eb_cgraph.pdf>
Package pdftex.def Info: class_a_n_n___u_s_m_1_1_genetic___encoding_a58aae26273
d906a268974b3e32e830eb_cgraph.pdf used on input line 113.
(pdftex.def)             Requested size: 350.0pt x 96.61324pt.
 [15 <./class_a_n_n___u_s_m_1_1_genetic___encoding_a4e46296d0531840686d8a0e6927
c3eae_cgraph.pdf> <./class_a_n_n___u_s_m_1_1_genetic___encoding_a4e46296d053184
0686d8a0e6927c3eae_icgraph.pdf

pdfTeX warning: pdflatex (file ./class_a_n_n___u_s_m_1_1_genetic___encoding_a4e
46296d0531840686d8a0e6927c3eae_icgraph.pdf): PDF inclusion: multiple pdfs with 
page group included in a single page
> <./class_a_n_n___u_s_m_1_1_genetic___encoding_a58aae26273d906a268974b3e32e830
eb_cgraph.pdf

pdfTeX warning: pdflatex (file ./class_a_n_n___u_s_m_1_1_genetic___encoding_a58
aae26273d906a268974b3e32e830eb_cgraph.pdf): PDF inclusion: multiple pdfs with p
age group included in a single page
>]
<class_a_n_n___u_s_m_1_1_genetic___encoding_a1451a90f4672e672dc559f6f5f78a9f0_c
graph.pdf, id=1197, 411.5375pt x 149.55875pt>
File: class_a_n_n___u_s_m_1_1_genetic___encoding_a1451a90f4672e672dc559f6f5f78a
9f0_cgraph.pdf Graphic file (type pdf)

<use class_a_n_n___u_s_m_1_1_genetic___encoding_a1451a90f4672e672dc559f6f5f78a9
f0_cgraph.pdf>
Package pdftex.def Info: class_a_n_n___u_s_m_1_1_genetic___encoding_a1451a90f46
72e672dc559f6f5f78a9f0_cgraph.pdf used on input line 139.
(pdftex.def)             Requested size: 350.0pt x 127.19627pt.

<class_a_n_n___u_s_m_1_1_genetic___encoding_a1451a90f4672e672dc559f6f5f78a9f0_i
cgraph.pdf, id=1198, 650.43pt x 297.11pt>
File: class_a_n_n___u_s_m_1_1_genetic___encoding_a1451a90f4672e672dc559f6f5f78a
9f0_icgraph.pdf Graphic file (type pdf)

<use class_a_n_n___u_s_m_1_1_genetic___encoding_a1451a90f4672e672dc559f6f5f78a9
f0_icgraph.pdf>
Package pdftex.def Info: class_a_n_n___u_s_m_1_1_genetic___encoding_a1451a90f46
72e672dc559f6f5f78a9f0_icgraph.pdf used on input line 151.
(pdftex.def)             Requested size: 350.0pt x 159.87938pt.

<class_a_n_n___u_s_m_1_1_genetic___encoding_aee703abc7c6549f4b1d8f6c968ade23d_c
graph.pdf, id=1199, 600.2425pt x 171.64125pt>
File: class_a_n_n___u_s_m_1_1_genetic___encoding_aee703abc7c6549f4b1d8f6c968ade
23d_cgraph.pdf Graphic file (type pdf)

<use class_a_n_n___u_s_m_1_1_genetic___encoding_aee703abc7c6549f4b1d8f6c968ade2
3d_cgraph.pdf>
Package pdftex.def Info: class_a_n_n___u_s_m_1_1_genetic___encoding_aee703abc7c
6549f4b1d8f6c968ade23d_cgraph.pdf used on input line 174.
(pdftex.def)             Requested size: 350.0pt x 100.08626pt.
 [16 <./class_a_n_n___u_s_m_1_1_genetic___encoding_a1451a90f4672e672dc559f6f5f7
8a9f0_cgraph.pdf> <./class_a_n_n___u_s_m_1_1_genetic___encoding_a1451a90f4672e6
72dc559f6f5f78a9f0_icgraph.pdf

pdfTeX warning: pdflatex (file ./class_a_n_n___u_s_m_1_1_genetic___encoding_a14
51a90f4672e672dc559f6f5f78a9f0_icgraph.pdf): PDF inclusion: multiple pdfs with 
page group included in a single page
> <./class_a_n_n___u_s_m_1_1_genetic___encoding_aee703abc7c6549f4b1d8f6c968ade2
3d_cgraph.pdf

pdfTeX warning: pdflatex (file ./class_a_n_n___u_s_m_1_1_genetic___encoding_aee
703abc7c6549f4b1d8f6c968ade23d_cgraph.pdf): PDF inclusion: multiple pdfs with p
age group included in a single page
>]
<class_a_n_n___u_s_m_1_1_genetic___encoding_a31b9ed6ea6134b1ddc27446575e69d1a_c
graph.pdf, id=1221, 421.575pt x 110.4125pt>
File: class_a_n_n___u_s_m_1_1_genetic___encoding_a31b9ed6ea6134b1ddc27446575e69
d1a_cgraph.pdf Graphic file (type pdf)

<use class_a_n_n___u_s_m_1_1_genetic___encoding_a31b9ed6ea6134b1ddc27446575e69d
1a_cgraph.pdf>
Package pdftex.def Info: class_a_n_n___u_s_m_1_1_genetic___encoding_a31b9ed6ea6
134b1ddc27446575e69d1a_cgraph.pdf used on input line 205.
(pdftex.def)             Requested size: 350.0pt x 91.6676pt.

<class_a_n_n___u_s_m_1_1_genetic___encoding_a31b9ed6ea6134b1ddc27446575e69d1a_i
cgraph.pdf, id=1222, 544.0325pt x 134.5025pt>
File: class_a_n_n___u_s_m_1_1_genetic___encoding_a31b9ed6ea6134b1ddc27446575e69
d1a_icgraph.pdf Graphic file (type pdf)

<use class_a_n_n___u_s_m_1_1_genetic___encoding_a31b9ed6ea6134b1ddc27446575e69d
1a_icgraph.pdf>
Package pdftex.def Info: class_a_n_n___u_s_m_1_1_genetic___encoding_a31b9ed6ea6
134b1ddc27446575e69d1a_icgraph.pdf used on input line 217.
(pdftex.def)             Requested size: 350.0pt x 86.53485pt.

<class_a_n_n___u_s_m_1_1_genetic___encoding_a6e047636ec1196cba5d6240ff2dd589f_i
cgraph.pdf, id=1223, 650.43pt x 171.64125pt>
File: class_a_n_n___u_s_m_1_1_genetic___encoding_a6e047636ec1196cba5d6240ff2dd5
89f_icgraph.pdf Graphic file (type pdf)

<use class_a_n_n___u_s_m_1_1_genetic___encoding_a6e047636ec1196cba5d6240ff2dd58
9f_icgraph.pdf>
Package pdftex.def Info: class_a_n_n___u_s_m_1_1_genetic___encoding_a6e047636ec
1196cba5d6240ff2dd589f_icgraph.pdf used on input line 240.
(pdftex.def)             Requested size: 350.0pt x 92.36273pt.

<class_a_n_n___u_s_m_1_1_genetic___encoding_aa02f2917484681f2ea7de654c8de1ed4_c
graph.pdf, id=1224, 600.2425pt x 247.92625pt>
File: class_a_n_n___u_s_m_1_1_genetic___encoding_aa02f2917484681f2ea7de654c8de1
ed4_cgraph.pdf Graphic file (type pdf)

<use class_a_n_n___u_s_m_1_1_genetic___encoding_aa02f2917484681f2ea7de654c8de1e
d4_cgraph.pdf>
Package pdftex.def Info: class_a_n_n___u_s_m_1_1_genetic___encoding_aa02f291748
4681f2ea7de654c8de1ed4_cgraph.pdf used on input line 263.
(pdftex.def)             Requested size: 350.0pt x 144.56906pt.

Underfull \vbox (badness 10000) has occurred while \output is active []

 [17 <./class_a_n_n___u_s_m_1_1_genetic___encoding_a31b9ed6ea6134b1ddc27446575e
69d1a_cgraph.pdf> <./class_a_n_n___u_s_m_1_1_genetic___encoding_a31b9ed6ea6134b
1ddc27446575e69d1a_icgraph.pdf

pdfTeX warning: pdflatex (file ./class_a_n_n___u_s_m_1_1_genetic___encoding_a31
b9ed6ea6134b1ddc27446575e69d1a_icgraph.pdf): PDF inclusion: multiple pdfs with 
page group included in a single page
> <./class_a_n_n___u_s_m_1_1_genetic___encoding_a6e047636ec1196cba5d6240ff2dd58
9f_icgraph.pdf

pdfTeX warning: pdflatex (file ./class_a_n_n___u_s_m_1_1_genetic___encoding_a6e
047636ec1196cba5d6240ff2dd589f_icgraph.pdf): PDF inclusion: multiple pdfs with 
page group included in a single page
>]
<class_a_n_n___u_s_m_1_1_genetic___encoding_aa02f2917484681f2ea7de654c8de1ed4_i
cgraph.pdf, id=1246, 387.4475pt x 149.55875pt>
File: class_a_n_n___u_s_m_1_1_genetic___encoding_aa02f2917484681f2ea7de654c8de1
ed4_icgraph.pdf Graphic file (type pdf)

<use class_a_n_n___u_s_m_1_1_genetic___encoding_aa02f2917484681f2ea7de654c8de1e
d4_icgraph.pdf>
Package pdftex.def Info: class_a_n_n___u_s_m_1_1_genetic___encoding_aa02f291748
4681f2ea7de654c8de1ed4_icgraph.pdf used on input line 275.
(pdftex.def)             Requested size: 350.0pt x 135.10596pt.

<class_a_n_n___u_s_m_1_1_genetic___encoding_a4b008853b6cdb594f932d3d2fd8679dd_c
graph.pdf, id=1247, 421.575pt x 110.4125pt>
File: class_a_n_n___u_s_m_1_1_genetic___encoding_a4b008853b6cdb594f932d3d2fd867
9dd_cgraph.pdf Graphic file (type pdf)

<use class_a_n_n___u_s_m_1_1_genetic___encoding_a4b008853b6cdb594f932d3d2fd8679
dd_cgraph.pdf>
Package pdftex.def Info: class_a_n_n___u_s_m_1_1_genetic___encoding_a4b008853b6
cdb594f932d3d2fd8679dd_cgraph.pdf used on input line 298.
(pdftex.def)             Requested size: 350.0pt x 91.6676pt.

<class_a_n_n___u_s_m_1_1_genetic___encoding_a4b008853b6cdb594f932d3d2fd8679dd_i
cgraph.pdf, id=1248, 461.725pt x 149.55875pt>
File: class_a_n_n___u_s_m_1_1_genetic___encoding_a4b008853b6cdb594f932d3d2fd867
9dd_icgraph.pdf Graphic file (type pdf)

<use class_a_n_n___u_s_m_1_1_genetic___encoding_a4b008853b6cdb594f932d3d2fd8679
dd_icgraph.pdf>
Package pdftex.def Info: class_a_n_n___u_s_m_1_1_genetic___encoding_a4b008853b6
cdb594f932d3d2fd8679dd_icgraph.pdf used on input line 310.
(pdftex.def)             Requested size: 350.0pt x 113.36916pt.

Underfull \vbox (badness 10000) has occurred while \output is active []

 [18 <./class_a_n_n___u_s_m_1_1_genetic___encoding_aa02f2917484681f2ea7de654c8d
e1ed4_cgraph.pdf> <./class_a_n_n___u_s_m_1_1_genetic___encoding_aa02f2917484681
f2ea7de654c8de1ed4_icgraph.pdf

pdfTeX warning: pdflatex (file ./class_a_n_n___u_s_m_1_1_genetic___encoding_aa0
2f2917484681f2ea7de654c8de1ed4_icgraph.pdf): PDF inclusion: multiple pdfs with 
page group included in a single page
> <./class_a_n_n___u_s_m_1_1_genetic___encoding_a4b008853b6cdb594f932d3d2fd8679
dd_cgraph.pdf

pdfTeX warning: pdflatex (file ./class_a_n_n___u_s_m_1_1_genetic___encoding_a4b
008853b6cdb594f932d3d2fd8679dd_cgraph.pdf): PDF inclusion: multiple pdfs with p
age group included in a single page
>]
<class_a_n_n___u_s_m_1_1_genetic___encoding_ab861af85462942c5238567496fe6def0_i
cgraph.pdf, id=1269, 732.7375pt x 134.5025pt>
File: class_a_n_n___u_s_m_1_1_genetic___encoding_ab861af85462942c5238567496fe6d
ef0_icgraph.pdf Graphic file (type pdf)

<use class_a_n_n___u_s_m_1_1_genetic___encoding_ab861af85462942c5238567496fe6de
f0_icgraph.pdf>
Package pdftex.def Info: class_a_n_n___u_s_m_1_1_genetic___encoding_ab861af8546
2942c5238567496fe6def0_icgraph.pdf used on input line 334.
(pdftex.def)             Requested size: 350.0pt x 64.24644pt.
 [19 <./class_a_n_n___u_s_m_1_1_genetic___encoding_a4b008853b6cdb594f932d3d2fd8
679dd_icgraph.pdf> <./class_a_n_n___u_s_m_1_1_genetic___encoding_ab861af8546294
2c5238567496fe6def0_icgraph.pdf

pdfTeX warning: pdflatex (file ./class_a_n_n___u_s_m_1_1_genetic___encoding_ab8
61af85462942c5238567496fe6def0_icgraph.pdf): PDF inclusion: multiple pdfs with 
page group included in a single page
>]) (./class_a_n_n___u_s_m_1_1_niche.tex)
(./class_a_n_n___u_s_m_1_1node__gene.tex [20]
<class_a_n_n___u_s_m_1_1node__gene__coll__graph.pdf, id=1306, 198.7425pt x 168.
63pt>
File: class_a_n_n___u_s_m_1_1node__gene__coll__graph.pdf Graphic file (type pdf
)
 <use class_a_n_n___u_s_m_1_1node__gene__coll__graph.pdf>
Package pdftex.def Info: class_a_n_n___u_s_m_1_1node__gene__coll__graph.pdf use
d on input line 15.
(pdftex.def)             Requested size: 198.0pt x 168.00432pt.
 [21 <./class_a_n_n___u_s_m_1_1node__gene__coll__graph.pdf>]
<class_a_n_n___u_s_m_1_1node__gene_a50bf322d336d5783e74a6730f5854afa_cgraph.pdf
, id=1362, 357.335pt x 110.4125pt>
File: class_a_n_n___u_s_m_1_1node__gene_a50bf322d336d5783e74a6730f5854afa_cgrap
h.pdf Graphic file (type pdf)

<use class_a_n_n___u_s_m_1_1node__gene_a50bf322d336d5783e74a6730f5854afa_cgraph
.pdf>
Package pdftex.def Info: class_a_n_n___u_s_m_1_1node__gene_a50bf322d336d5783e74
a6730f5854afa_cgraph.pdf used on input line 113.
(pdftex.def)             Requested size: 350.0pt x 108.15126pt.

<class_a_n_n___u_s_m_1_1node__gene_a7b933ce737040d389da27d6569cb02f2_icgraph.pd
f, id=1363, 357.335pt x 110.4125pt>
File: class_a_n_n___u_s_m_1_1node__gene_a7b933ce737040d389da27d6569cb02f2_icgra
ph.pdf Graphic file (type pdf)

<use class_a_n_n___u_s_m_1_1node__gene_a7b933ce737040d389da27d6569cb02f2_icgrap
h.pdf>
Package pdftex.def Info: class_a_n_n___u_s_m_1_1node__gene_a7b933ce737040d389da
27d6569cb02f2_icgraph.pdf used on input line 158.
(pdftex.def)             Requested size: 350.0pt x 108.15126pt.

<class_a_n_n___u_s_m_1_1node__gene_a966ec45b4c692bf43244ae4fdc09a1c9_icgraph.pd
f, id=1364, 807.015pt x 297.11pt>
File: class_a_n_n___u_s_m_1_1node__gene_a966ec45b4c692bf43244ae4fdc09a1c9_icgra
ph.pdf Graphic file (type pdf)

<use class_a_n_n___u_s_m_1_1node__gene_a966ec45b4c692bf43244ae4fdc09a1c9_icgrap
h.pdf>
Package pdftex.def Info: class_a_n_n___u_s_m_1_1node__gene_a966ec45b4c692bf4324
4ae4fdc09a1c9_icgraph.pdf used on input line 181.
(pdftex.def)             Requested size: 350.0pt x 128.85645pt.
 [22 <./class_a_n_n___u_s_m_1_1node__gene_a50bf322d336d5783e74a6730f5854afa_cgr
aph.pdf> <./class_a_n_n___u_s_m_1_1node__gene_a7b933ce737040d389da27d6569cb02f2
_icgraph.pdf

pdfTeX warning: pdflatex (file ./class_a_n_n___u_s_m_1_1node__gene_a7b933ce7370
40d389da27d6569cb02f2_icgraph.pdf): PDF inclusion: multiple pdfs with page grou
p included in a single page
>]
<class_a_n_n___u_s_m_1_1node__gene_a96099b1c7cb2d302f802fd13080f65e1_icgraph.pd
f, id=1380, 829.0975pt x 297.11pt>
File: class_a_n_n___u_s_m_1_1node__gene_a96099b1c7cb2d302f802fd13080f65e1_icgra
ph.pdf Graphic file (type pdf)

<use class_a_n_n___u_s_m_1_1node__gene_a96099b1c7cb2d302f802fd13080f65e1_icgrap
h.pdf>
Package pdftex.def Info: class_a_n_n___u_s_m_1_1node__gene_a96099b1c7cb2d302f80
2fd13080f65e1_icgraph.pdf used on input line 207.
(pdftex.def)             Requested size: 350.0pt x 125.42003pt.
 [23 <./class_a_n_n___u_s_m_1_1node__gene_a966ec45b4c692bf43244ae4fdc09a1c9_icg
raph.pdf> <./class_a_n_n___u_s_m_1_1node__gene_a96099b1c7cb2d302f802fd13080f65e
1_icgraph.pdf

pdfTeX warning: pdflatex (file ./class_a_n_n___u_s_m_1_1node__gene_a96099b1c7cb
2d302f802fd13080f65e1_icgraph.pdf): PDF inclusion: multiple pdfs with page grou
p included in a single page
>]) (./class_a_n_n___u_s_m_1_1_population.tex
<class_a_n_n___u_s_m_1_1_population__coll__graph.pdf, id=1399, 232.87pt x 178.6
675pt>
File: class_a_n_n___u_s_m_1_1_population__coll__graph.pdf Graphic file (type pd
f)
 <use class_a_n_n___u_s_m_1_1_population__coll__graph.pdf>
Package pdftex.def Info: class_a_n_n___u_s_m_1_1_population__coll__graph.pdf us
ed on input line 15.
(pdftex.def)             Requested size: 232.0pt x 178.0073pt.
 [24 <./class_a_n_n___u_s_m_1_1_population__coll__graph.pdf>]
LaTeX Font Info:    Font shape `T1/phv/m/it' in size <9> not available
(Font)              Font shape `T1/phv/m/sl' tried instead on input line 34.
LaTeX Font Info:    Font shape `T1/phv/m/sl' will be
(Font)              scaled to size 8.09995pt on input line 34.

<class_a_n_n___u_s_m_1_1_population_a9c5a7b47b6fa36d3c53788029c33bd98_cgraph.pd
f, id=1461, 754.82pt x 405.515pt>
File: class_a_n_n___u_s_m_1_1_population_a9c5a7b47b6fa36d3c53788029c33bd98_cgra
ph.pdf Graphic file (type pdf)

<use class_a_n_n___u_s_m_1_1_population_a9c5a7b47b6fa36d3c53788029c33bd98_cgrap
h.pdf>
Package pdftex.def Info: class_a_n_n___u_s_m_1_1_population_a9c5a7b47b6fa36d3c5
3788029c33bd98_cgraph.pdf used on input line 114.
(pdftex.def)             Requested size: 350.0pt x 188.03038pt.
 [25]
<class_a_n_n___u_s_m_1_1_population_a92308bf99765cb66506c3ac4c1ee227c_icgraph.p
df, id=1499, 582.175pt x 159.59625pt>
File: class_a_n_n___u_s_m_1_1_population_a92308bf99765cb66506c3ac4c1ee227c_icgr
aph.pdf Graphic file (type pdf)

<use class_a_n_n___u_s_m_1_1_population_a92308bf99765cb66506c3ac4c1ee227c_icgra
ph.pdf>
Package pdftex.def Info: class_a_n_n___u_s_m_1_1_population_a92308bf99765cb6650
6c3ac4c1ee227c_icgraph.pdf used on input line 145.
(pdftex.def)             Requested size: 350.0pt x 95.95085pt.

<class_a_n_n___u_s_m_1_1_population_a026d44aeb16651486c78dd8c8e0a293d_cgraph.pd
f, id=1500, 566.115pt x 248.93pt>
File: class_a_n_n___u_s_m_1_1_population_a026d44aeb16651486c78dd8c8e0a293d_cgra
ph.pdf Graphic file (type pdf)

<use class_a_n_n___u_s_m_1_1_population_a026d44aeb16651486c78dd8c8e0a293d_cgrap
h.pdf>
Package pdftex.def Info: class_a_n_n___u_s_m_1_1_population_a026d44aeb16651486c
78dd8c8e0a293d_cgraph.pdf used on input line 169.
(pdftex.def)             Requested size: 350.0pt x 153.90578pt.

Underfull \vbox (badness 10000) has occurred while \output is active []

 [26 <./class_a_n_n___u_s_m_1_1_population_a9c5a7b47b6fa36d3c53788029c33bd98_cg
raph.pdf> <./class_a_n_n___u_s_m_1_1_population_a92308bf99765cb66506c3ac4c1ee22
7c_icgraph.pdf

pdfTeX warning: pdflatex (file ./class_a_n_n___u_s_m_1_1_population_a92308bf997
65cb66506c3ac4c1ee227c_icgraph.pdf): PDF inclusion: multiple pdfs with page gro
up included in a single page
>]
<class_a_n_n___u_s_m_1_1_population_a026d44aeb16651486c78dd8c8e0a293d_icgraph.p
df, id=1516, 427.5975pt x 110.4125pt>
File: class_a_n_n___u_s_m_1_1_population_a026d44aeb16651486c78dd8c8e0a293d_icgr
aph.pdf Graphic file (type pdf)

<use class_a_n_n___u_s_m_1_1_population_a026d44aeb16651486c78dd8c8e0a293d_icgra
ph.pdf>
Package pdftex.def Info: class_a_n_n___u_s_m_1_1_population_a026d44aeb16651486c
78dd8c8e0a293d_icgraph.pdf used on input line 181.
(pdftex.def)             Requested size: 350.0pt x 90.3754pt.

<class_a_n_n___u_s_m_1_1_population_afcedc0302e1ce8e399f5ffb914ed216c_cgraph.pd
f, id=1517, 744.7825pt x 449.68pt>
File: class_a_n_n___u_s_m_1_1_population_afcedc0302e1ce8e399f5ffb914ed216c_cgra
ph.pdf Graphic file (type pdf)

<use class_a_n_n___u_s_m_1_1_population_afcedc0302e1ce8e399f5ffb914ed216c_cgrap
h.pdf>
Package pdftex.def Info: class_a_n_n___u_s_m_1_1_population_afcedc0302e1ce8e399
f5ffb914ed216c_cgraph.pdf used on input line 204.
(pdftex.def)             Requested size: 350.0pt x 211.32904pt.

<class_a_n_n___u_s_m_1_1_population_afcedc0302e1ce8e399f5ffb914ed216c_icgraph.p
df, id=1518, 273.02pt x 110.4125pt>
File: class_a_n_n___u_s_m_1_1_population_afcedc0302e1ce8e399f5ffb914ed216c_icgr
aph.pdf Graphic file (type pdf)

<use class_a_n_n___u_s_m_1_1_population_afcedc0302e1ce8e399f5ffb914ed216c_icgra
ph.pdf>
Package pdftex.def Info: class_a_n_n___u_s_m_1_1_population_afcedc0302e1ce8e399
f5ffb914ed216c_icgraph.pdf used on input line 216.
(pdftex.def)             Requested size: 272.0pt x 110.00618pt.

Underfull \vbox (badness 2376) has occurred while \output is active []

 [27 <./class_a_n_n___u_s_m_1_1_population_a026d44aeb16651486c78dd8c8e0a293d_cg
raph.pdf> <./class_a_n_n___u_s_m_1_1_population_a026d44aeb16651486c78dd8c8e0a29
3d_icgraph.pdf

pdfTeX warning: pdflatex (file ./class_a_n_n___u_s_m_1_1_population_a026d44aeb1
6651486c78dd8c8e0a293d_icgraph.pdf): PDF inclusion: multiple pdfs with page gro
up included in a single page
> <./class_a_n_n___u_s_m_1_1_population_afcedc0302e1ce8e399f5ffb914ed216c_cgrap
h.pdf

pdfTeX warning: pdflatex (file ./class_a_n_n___u_s_m_1_1_population_afcedc0302e
1ce8e399f5ffb914ed216c_cgraph.pdf): PDF inclusion: multiple pdfs with page grou
p included in a single page
>]
<class_a_n_n___u_s_m_1_1_population_aae7b2c347f1e8fbe0165e4d6f839a277_icgraph.p
df, id=1540, 441.65pt x 110.4125pt>
File: class_a_n_n___u_s_m_1_1_population_aae7b2c347f1e8fbe0165e4d6f839a277_icgr
aph.pdf Graphic file (type pdf)

<use class_a_n_n___u_s_m_1_1_population_aae7b2c347f1e8fbe0165e4d6f839a277_icgra
ph.pdf>
Package pdftex.def Info: class_a_n_n___u_s_m_1_1_population_aae7b2c347f1e8fbe01
65e4d6f839a277_icgraph.pdf used on input line 239.
(pdftex.def)             Requested size: 350.0pt x 87.50458pt.

<class_a_n_n___u_s_m_1_1_population_acee4c5ba8e56deb1386864d349d78316_cgraph.pd
f, id=1541, 544.0325pt x 183.68625pt>
File: class_a_n_n___u_s_m_1_1_population_acee4c5ba8e56deb1386864d349d78316_cgra
ph.pdf Graphic file (type pdf)

<use class_a_n_n___u_s_m_1_1_population_acee4c5ba8e56deb1386864d349d78316_cgrap
h.pdf>
Package pdftex.def Info: class_a_n_n___u_s_m_1_1_population_acee4c5ba8e56deb138
6864d349d78316_cgraph.pdf used on input line 262.
(pdftex.def)             Requested size: 350.0pt x 118.1782pt.

<class_a_n_n___u_s_m_1_1_population_acee4c5ba8e56deb1386864d349d78316_icgraph.p
df, id=1542, 427.5975pt x 110.4125pt>
File: class_a_n_n___u_s_m_1_1_population_acee4c5ba8e56deb1386864d349d78316_icgr
aph.pdf Graphic file (type pdf)

<use class_a_n_n___u_s_m_1_1_population_acee4c5ba8e56deb1386864d349d78316_icgra
ph.pdf>
Package pdftex.def Info: class_a_n_n___u_s_m_1_1_population_acee4c5ba8e56deb138
6864d349d78316_icgraph.pdf used on input line 274.
(pdftex.def)             Requested size: 350.0pt x 90.3754pt.

Underfull \vbox (badness 10000) has occurred while \output is active []

 [28 <./class_a_n_n___u_s_m_1_1_population_afcedc0302e1ce8e399f5ffb914ed216c_ic
graph.pdf> <./class_a_n_n___u_s_m_1_1_population_aae7b2c347f1e8fbe0165e4d6f839a
277_icgraph.pdf

pdfTeX warning: pdflatex (file ./class_a_n_n___u_s_m_1_1_population_aae7b2c347f
1e8fbe0165e4d6f839a277_icgraph.pdf): PDF inclusion: multiple pdfs with page gro
up included in a single page
> <./class_a_n_n___u_s_m_1_1_population_acee4c5ba8e56deb1386864d349d78316_cgrap
h.pdf

pdfTeX warning: pdflatex (file ./class_a_n_n___u_s_m_1_1_population_acee4c5ba8e
56deb1386864d349d78316_cgraph.pdf): PDF inclusion: multiple pdfs with page grou
p included in a single page
>]
<class_a_n_n___u_s_m_1_1_population_a20ca394c0565450c1843333129057027_cgraph.pd
f, id=1563, 566.115pt x 326.21875pt>
File: class_a_n_n___u_s_m_1_1_population_a20ca394c0565450c1843333129057027_cgra
ph.pdf Graphic file (type pdf)

<use class_a_n_n___u_s_m_1_1_population_a20ca394c0565450c1843333129057027_cgrap
h.pdf>
Package pdftex.def Info: class_a_n_n___u_s_m_1_1_population_a20ca394c0565450c18
43333129057027_cgraph.pdf used on input line 297.
(pdftex.def)             Requested size: 350.0pt x 201.69104pt.

<class_a_n_n___u_s_m_1_1_population_a20ca394c0565450c1843333129057027_icgraph.p
df, id=1564, 427.5975pt x 159.59625pt>
File: class_a_n_n___u_s_m_1_1_population_a20ca394c0565450c1843333129057027_icgr
aph.pdf Graphic file (type pdf)

<use class_a_n_n___u_s_m_1_1_population_a20ca394c0565450c1843333129057027_icgra
ph.pdf>
Package pdftex.def Info: class_a_n_n___u_s_m_1_1_population_a20ca394c0565450c18
43333129057027_icgraph.pdf used on input line 309.
(pdftex.def)             Requested size: 350.0pt x 130.63353pt.

<class_a_n_n___u_s_m_1_1_population_a037c144dd6c90391d312a1b38af6e057_icgraph.p
df, id=1565, 584.1825pt x 159.59625pt>
File: class_a_n_n___u_s_m_1_1_population_a037c144dd6c90391d312a1b38af6e057_icgr
aph.pdf Graphic file (type pdf)

<use class_a_n_n___u_s_m_1_1_population_a037c144dd6c90391d312a1b38af6e057_icgra
ph.pdf>
Package pdftex.def Info: class_a_n_n___u_s_m_1_1_population_a037c144dd6c90391d3
12a1b38af6e057_icgraph.pdf used on input line 333.
(pdftex.def)             Requested size: 350.0pt x 95.6221pt.
 [29 <./class_a_n_n___u_s_m_1_1_population_acee4c5ba8e56deb1386864d349d78316_ic
graph.pdf> <./class_a_n_n___u_s_m_1_1_population_a20ca394c0565450c1843333129057
027_cgraph.pdf

pdfTeX warning: pdflatex (file ./class_a_n_n___u_s_m_1_1_population_a20ca394c05
65450c1843333129057027_cgraph.pdf): PDF inclusion: multiple pdfs with page grou
p included in a single page
> <./class_a_n_n___u_s_m_1_1_population_a20ca394c0565450c1843333129057027_icgra
ph.pdf

pdfTeX warning: pdflatex (file ./class_a_n_n___u_s_m_1_1_population_a20ca394c05
65450c1843333129057027_icgraph.pdf): PDF inclusion: multiple pdfs with page gro
up included in a single page
>]
<class_a_n_n___u_s_m_1_1_population_a16090fdb0f1e89cc91568028777ac847_icgraph.p
df, id=1587, 582.175pt x 181.67876pt>
File: class_a_n_n___u_s_m_1_1_population_a16090fdb0f1e89cc91568028777ac847_icgr
aph.pdf Graphic file (type pdf)

<use class_a_n_n___u_s_m_1_1_population_a16090fdb0f1e89cc91568028777ac847_icgra
ph.pdf>
Package pdftex.def Info: class_a_n_n___u_s_m_1_1_population_a16090fdb0f1e89cc91
568028777ac847_icgraph.pdf used on input line 369.
(pdftex.def)             Requested size: 350.0pt x 109.22708pt.

<class_a_n_n___u_s_m_1_1_population_a84ab90f06fe08ed2b95638427086a331_icgraph.p
df, id=1588, 582.175pt x 159.59625pt>
File: class_a_n_n___u_s_m_1_1_population_a84ab90f06fe08ed2b95638427086a331_icgr
aph.pdf Graphic file (type pdf)

<use class_a_n_n___u_s_m_1_1_population_a84ab90f06fe08ed2b95638427086a331_icgra
ph.pdf>
Package pdftex.def Info: class_a_n_n___u_s_m_1_1_population_a84ab90f06fe08ed2b9
5638427086a331_icgraph.pdf used on input line 394.
(pdftex.def)             Requested size: 350.0pt x 95.95085pt.

Underfull \vbox (badness 10000) has occurred while \output is active []

 [30 <./class_a_n_n___u_s_m_1_1_population_a037c144dd6c90391d312a1b38af6e057_ic
graph.pdf> <./class_a_n_n___u_s_m_1_1_population_a16090fdb0f1e89cc91568028777ac
847_icgraph.pdf

pdfTeX warning: pdflatex (file ./class_a_n_n___u_s_m_1_1_population_a16090fdb0f
1e89cc91568028777ac847_icgraph.pdf): PDF inclusion: multiple pdfs with page gro
up included in a single page
>]
<class_a_n_n___u_s_m_1_1_population_a0b858ba5af6628979fd7f136520cdd5b_icgraph.p
df, id=1604, 353.32pt x 110.4125pt>
File: class_a_n_n___u_s_m_1_1_population_a0b858ba5af6628979fd7f136520cdd5b_icgr
aph.pdf Graphic file (type pdf)

<use class_a_n_n___u_s_m_1_1_population_a0b858ba5af6628979fd7f136520cdd5b_icgra
ph.pdf>
Package pdftex.def Info: class_a_n_n___u_s_m_1_1_population_a0b858ba5af6628979f
d7f136520cdd5b_icgraph.pdf used on input line 417.
(pdftex.def)             Requested size: 350.0pt x 109.37608pt.

<class_a_n_n___u_s_m_1_1_population_ad6a8d08fc4f4cbcc84405ddd7e40a453_cgraph.pd
f, id=1605, 576.1525pt x 110.4125pt>
File: class_a_n_n___u_s_m_1_1_population_ad6a8d08fc4f4cbcc84405ddd7e40a453_cgra
ph.pdf Graphic file (type pdf)

<use class_a_n_n___u_s_m_1_1_population_ad6a8d08fc4f4cbcc84405ddd7e40a453_cgrap
h.pdf>
Package pdftex.def Info: class_a_n_n___u_s_m_1_1_population_ad6a8d08fc4f4cbcc84
405ddd7e40a453_cgraph.pdf used on input line 440.
(pdftex.def)             Requested size: 350.0pt x 67.07521pt.

<class_a_n_n___u_s_m_1_1_population_ad6a8d08fc4f4cbcc84405ddd7e40a453_icgraph.p
df, id=1606, 273.02pt x 110.4125pt>
File: class_a_n_n___u_s_m_1_1_population_ad6a8d08fc4f4cbcc84405ddd7e40a453_icgr
aph.pdf Graphic file (type pdf)

<use class_a_n_n___u_s_m_1_1_population_ad6a8d08fc4f4cbcc84405ddd7e40a453_icgra
ph.pdf>
Package pdftex.def Info: class_a_n_n___u_s_m_1_1_population_ad6a8d08fc4f4cbcc84
405ddd7e40a453_icgraph.pdf used on input line 452.
(pdftex.def)             Requested size: 272.0pt x 110.00618pt.
 [31 <./class_a_n_n___u_s_m_1_1_population_a84ab90f06fe08ed2b95638427086a331_ic
graph.pdf> <./class_a_n_n___u_s_m_1_1_population_a0b858ba5af6628979fd7f136520cd
d5b_icgraph.pdf

pdfTeX warning: pdflatex (file ./class_a_n_n___u_s_m_1_1_population_a0b858ba5af
6628979fd7f136520cdd5b_icgraph.pdf): PDF inclusion: multiple pdfs with page gro
up included in a single page
> <./class_a_n_n___u_s_m_1_1_population_ad6a8d08fc4f4cbcc84405ddd7e40a453_cgrap
h.pdf

pdfTeX warning: pdflatex (file ./class_a_n_n___u_s_m_1_1_population_ad6a8d08fc4
f4cbcc84405ddd7e40a453_cgraph.pdf): PDF inclusion: multiple pdfs with page grou
p included in a single page
> <./class_a_n_n___u_s_m_1_1_population_ad6a8d08fc4f4cbcc84405ddd7e40a453_icgra
ph.pdf

pdfTeX warning: pdflatex (file ./class_a_n_n___u_s_m_1_1_population_ad6a8d08fc4
f4cbcc84405ddd7e40a453_icgraph.pdf): PDF inclusion: multiple pdfs with page gro
up included in a single page
>]
<class_a_n_n___u_s_m_1_1_population_aa14d8cb45306aa8b9851791a6d547be6_cgraph.pd
f, id=1632, 353.32pt x 110.4125pt>
File: class_a_n_n___u_s_m_1_1_population_aa14d8cb45306aa8b9851791a6d547be6_cgra
ph.pdf Graphic file (type pdf)

<use class_a_n_n___u_s_m_1_1_population_aa14d8cb45306aa8b9851791a6d547be6_cgrap
h.pdf>
Package pdftex.def Info: class_a_n_n___u_s_m_1_1_population_aa14d8cb45306aa8b98
51791a6d547be6_cgraph.pdf used on input line 486.
(pdftex.def)             Requested size: 350.0pt x 109.37608pt.

<class_a_n_n___u_s_m_1_1_population_aa14d8cb45306aa8b9851791a6d547be6_icgraph.p
df, id=1633, 427.5975pt x 159.59625pt>
File: class_a_n_n___u_s_m_1_1_population_aa14d8cb45306aa8b9851791a6d547be6_icgr
aph.pdf Graphic file (type pdf)

<use class_a_n_n___u_s_m_1_1_population_aa14d8cb45306aa8b9851791a6d547be6_icgra
ph.pdf>
Package pdftex.def Info: class_a_n_n___u_s_m_1_1_population_aa14d8cb45306aa8b98
51791a6d547be6_icgraph.pdf used on input line 498.
(pdftex.def)             Requested size: 350.0pt x 130.63353pt.
 [32 <./class_a_n_n___u_s_m_1_1_population_aa14d8cb45306aa8b9851791a6d547be6_cg
raph.pdf> <./class_a_n_n___u_s_m_1_1_population_aa14d8cb45306aa8b9851791a6d547b
e6_icgraph.pdf

pdfTeX warning: pdflatex (file ./class_a_n_n___u_s_m_1_1_population_aa14d8cb453
06aa8b9851791a6d547be6_icgraph.pdf): PDF inclusion: multiple pdfs with page gro
up included in a single page
>] [33]) [34]
Chapter 7.
(./_c_p_p_n-_n_e_a_t_8hpp.tex
Underfull \hbox (badness 10000) in paragraph at lines 3--3
[]\T1/phv/bc/n/14.4 /home/warren/-U-T-F-S-M/2014-_-1-_--C-R-A-B-O-T/software/-C
-P-P-N--N-E-A-T/headers/-C-P-P-N--N-E-A-
 []

<_c_p_p_n-_n_e_a_t_8hpp__incl.pdf, id=1660, 709.65125pt x 359.3425pt>
File: _c_p_p_n-_n_e_a_t_8hpp__incl.pdf Graphic file (type pdf)

<use _c_p_p_n-_n_e_a_t_8hpp__incl.pdf>
Package pdftex.def Info: _c_p_p_n-_n_e_a_t_8hpp__incl.pdf used on input line 14
.
(pdftex.def)             Requested size: 350.0pt x 177.2308pt.

<_c_p_p_n-_n_e_a_t_8hpp__dep__incl.pdf, id=1661, 418.56375pt x 224.84pt>
File: _c_p_p_n-_n_e_a_t_8hpp__dep__incl.pdf Graphic file (type pdf)

<use _c_p_p_n-_n_e_a_t_8hpp__dep__incl.pdf>
Package pdftex.def Info: _c_p_p_n-_n_e_a_t_8hpp__dep__incl.pdf used on input li
ne 22.
(pdftex.def)             Requested size: 350.0pt x 188.0066pt.

Underfull \vbox (badness 10000) has occurred while \output is active []

 [35

 <./_c_p_p_n-_n_e_a_t_8hpp__incl.pdf>]

Package hyperref Warning: Token not allowed in a PDF string (Unicode):
(hyperref)                removing `math shift' on input line 52.


Package hyperref Warning: Token not allowed in a PDF string (Unicode):
(hyperref)                removing `math shift' on input line 52.


Package hyperref Warning: Token not allowed in a PDF string (Unicode):
(hyperref)                removing `math shift' on input line 52.


Package hyperref Warning: Token not allowed in a PDF string (Unicode):
(hyperref)                removing `math shift' on input line 52.

) (./fitness_8hpp.tex
Underfull \hbox (badness 10000) in paragraph at lines 3--3
[]\T1/phv/bc/n/14.4 /home/warren/-U-T-F-S-M/2014-_-1-_--C-R-A-B-O-T/software/-C
-P-P-N--N-E-A-T/headers/fitness.hpp
 []

<fitness_8hpp__incl.pdf, id=1678, 651.43375pt x 291.0875pt>
File: fitness_8hpp__incl.pdf Graphic file (type pdf)

<use fitness_8hpp__incl.pdf>
Package pdftex.def Info: fitness_8hpp__incl.pdf used on input line 10.
(pdftex.def)             Requested size: 350.0pt x 156.39873pt.

Underfull \vbox (badness 10000) has occurred while \output is active []

 [36 <./_c_p_p_n-_n_e_a_t_8hpp__dep__incl.pdf>]
<fitness_8hpp__dep__incl.pdf, id=1693, 495.8525pt x 303.1325pt>
File: fitness_8hpp__dep__incl.pdf Graphic file (type pdf)

<use fitness_8hpp__dep__incl.pdf>
Package pdftex.def Info: fitness_8hpp__dep__incl.pdf used on input line 18.
(pdftex.def)             Requested size: 350.0pt x 213.96747pt.

<fitness_8hpp_ab547101b5cc5b5c2957842bea97514ce_cgraph.pdf, id=1696, 503.8825pt
 x 110.4125pt>
File: fitness_8hpp_ab547101b5cc5b5c2957842bea97514ce_cgraph.pdf Graphic file (t
ype pdf)
 <use fitness_8hpp_ab547101b5cc5b5c2957842bea97514ce_cgraph.pdf>
Package pdftex.def Info: fitness_8hpp_ab547101b5cc5b5c2957842bea97514ce_cgraph.
pdf used on input line 47.
(pdftex.def)             Requested size: 350.0pt x 76.69348pt.

[37 <./fitness_8hpp__incl.pdf> <./fitness_8hpp__dep__incl.pdf

pdfTeX warning: pdflatex (file ./fitness_8hpp__dep__incl.pdf): PDF inclusion: m
ultiple pdfs with page group included in a single page
>]
<fitness_8hpp_ab547101b5cc5b5c2957842bea97514ce_icgraph.pdf, id=1715, 355.3275p
t x 110.4125pt>
File: fitness_8hpp_ab547101b5cc5b5c2957842bea97514ce_icgraph.pdf Graphic file (
type pdf)

<use fitness_8hpp_ab547101b5cc5b5c2957842bea97514ce_icgraph.pdf>
Package pdftex.def Info: fitness_8hpp_ab547101b5cc5b5c2957842bea97514ce_icgraph
.pdf used on input line 59.
(pdftex.def)             Requested size: 350.0pt x 108.76115pt.
)
(./function_8hpp.tex
Underfull \hbox (badness 10000) in paragraph at lines 3--3
[]\T1/phv/bc/n/14.4 /home/warren/-U-T-F-S-M/2014-_-1-_--C-R-A-B-O-T/software/-C
-P-P-N--N-E-A-T/headers/function.hpp
 []

<function_8hpp__incl.pdf, id=1716, 252.945pt x 178.6675pt>
File: function_8hpp__incl.pdf Graphic file (type pdf)

<use function_8hpp__incl.pdf>
Package pdftex.def Info: function_8hpp__incl.pdf used on input line 12.
(pdftex.def)             Requested size: 252.0pt x 178.00456pt.

<function_8hpp__dep__incl.pdf, id=1717, 771.88374pt x 483.8075pt>
File: function_8hpp__dep__incl.pdf Graphic file (type pdf)

<use function_8hpp__dep__incl.pdf>
Package pdftex.def Info: function_8hpp__dep__incl.pdf used on input line 20.
(pdftex.def)             Requested size: 350.0pt x 219.37238pt.

Underfull \vbox (badness 10000) has occurred while \output is active []

 [38 <./fitness_8hpp_ab547101b5cc5b5c2957842bea97514ce_cgraph.pdf> <./fitness_8
hpp_ab547101b5cc5b5c2957842bea97514ce_icgraph.pdf

pdfTeX warning: pdflatex (file ./fitness_8hpp_ab547101b5cc5b5c2957842bea97514ce
_icgraph.pdf): PDF inclusion: multiple pdfs with page group included in a singl
e page
> <./function_8hpp__incl.pdf

pdfTeX warning: pdflatex (file ./function_8hpp__incl.pdf): PDF inclusion: multi
ple pdfs with page group included in a single page
>]) (./genetic__encoding_8hpp.tex
Underfull \hbox (badness 10000) in paragraph at lines 3--3
[]\T1/phv/bc/n/14.4 /home/warren/-U-T-F-S-M/2014-_-1-_--C-R-A-B-O-T/software/-C
-P-P-N--N-E-A-T/headers/genetic-_-
 []

<genetic__encoding_8hpp__incl.pdf, id=1739, 650.43pt x 246.9225pt>
File: genetic__encoding_8hpp__incl.pdf Graphic file (type pdf)

<use genetic__encoding_8hpp__incl.pdf>
Package pdftex.def Info: genetic__encoding_8hpp__incl.pdf used on input line 18
.
(pdftex.def)             Requested size: 350.0pt x 132.87271pt.

<genetic__encoding_8hpp__dep__incl.pdf, id=1740, 771.88374pt x 405.515pt>
File: genetic__encoding_8hpp__dep__incl.pdf Graphic file (type pdf)

<use genetic__encoding_8hpp__dep__incl.pdf>
Package pdftex.def Info: genetic__encoding_8hpp__dep__incl.pdf used on input li
ne 26.
(pdftex.def)             Requested size: 350.0pt x 183.87227pt.

Underfull \vbox (badness 1043) has occurred while \output is active []



Package Fancyhdr Warning: \headheight is too small (12.0pt): 
 Make it at least 22.16548pt.
 We now make it that large for the rest of the document.
 This may cause the page layout to be inconsistent, however.

[39 <./function_8hpp__dep__incl.pdf> <./genetic__encoding_8hpp__incl.pdf

pdfTeX warning: pdflatex (file ./genetic__encoding_8hpp__incl.pdf): PDF inclusi
on: multiple pdfs with page group included in a single page
>]

Package hyperref Warning: Token not allowed in a PDF string (Unicode):
(hyperref)                removing `math shift' on input line 66.


Package hyperref Warning: Token not allowed in a PDF string (Unicode):
(hyperref)                removing `math shift' on input line 66.


Package hyperref Warning: Token not allowed in a PDF string (Unicode):
(hyperref)                removing `math shift' on input line 66.


Package hyperref Warning: Token not allowed in a PDF string (Unicode):
(hyperref)                removing `math shift' on input line 66.


<genetic__encoding_8hpp_a9adc11b1d1ef09e5f628a4506f2166ef_cgraph.pdf, id=1767, 
333.245pt x 110.4125pt>
File: genetic__encoding_8hpp_a9adc11b1d1ef09e5f628a4506f2166ef_cgraph.pdf Graph
ic file (type pdf)

<use genetic__encoding_8hpp_a9adc11b1d1ef09e5f628a4506f2166ef_cgraph.pdf>
Package pdftex.def Info: genetic__encoding_8hpp_a9adc11b1d1ef09e5f628a4506f2166
ef_cgraph.pdf used on input line 78.
(pdftex.def)             Requested size: 332.0pt x 110.00787pt.
)
(./user__definitions_8hpp.tex [40 <./genetic__encoding_8hpp__dep__incl.pdf> <./
genetic__encoding_8hpp_a9adc11b1d1ef09e5f628a4506f2166ef_cgraph.pdf

pdfTeX warning: pdflatex (file ./genetic__encoding_8hpp_a9adc11b1d1ef09e5f628a4
506f2166ef_cgraph.pdf): PDF inclusion: multiple pdfs with page group included i
n a single page
>]
Overfull \hbox (33.55524pt too wide) in paragraph at lines 3--3
[]\T1/phv/bc/n/14.4 /home/warren/-U-T-F-S-M/2014-_-1-_--C-R-A-B-O-T/software/-C
-P-P-N--N-E-A-T/headers/user-_-definitions.hpp
 []

<user__definitions_8hpp__dep__incl.pdf, id=1788, 649.42625pt x 495.8525pt>
File: user__definitions_8hpp__dep__incl.pdf Graphic file (type pdf)

<use user__definitions_8hpp__dep__incl.pdf>
Package pdftex.def Info: user__definitions_8hpp__dep__incl.pdf used on input li
ne 9.
(pdftex.def)             Requested size: 350.0pt x 267.2343pt.


Package Fancyhdr Warning: \headheight is too small (12.0pt): 
 Make it at least 22.16548pt.
 We now make it that large for the rest of the document.
 This may cause the page layout to be inconsistent, however.

[41 <./user__definitions_8hpp__dep__incl.pdf>] [42]) (./_r_e_a_d_m_e_8md.tex)
(./_c_p_p_n-_n_e_a_t_8cpp.tex
Underfull \hbox (badness 10000) in paragraph at lines 3--3
[]\T1/phv/bc/n/14.4 /home/warren/-U-T-F-S-M/2014-_-1-_--C-R-A-B-O-T/software/-C
-P-P-N--N-E-A-T/src/-C-P-P-N--N-E-A-T.cpp
 []

<_c_p_p_n-_n_e_a_t_8cpp__incl.pdf, id=1841, 709.65125pt x 403.5075pt>
File: _c_p_p_n-_n_e_a_t_8cpp__incl.pdf Graphic file (type pdf)

<use _c_p_p_n-_n_e_a_t_8cpp__incl.pdf>
Package pdftex.def Info: _c_p_p_n-_n_e_a_t_8cpp__incl.pdf used on input line 10
.
(pdftex.def)             Requested size: 350.0pt x 199.01338pt.
 [43 <./_c_p_p_n-_n_e_a_t_8cpp__incl.pdf>]

Package hyperref Warning: Token not allowed in a PDF string (Unicode):
(hyperref)                removing `math shift' on input line 43.


Package hyperref Warning: Token not allowed in a PDF string (Unicode):
(hyperref)                removing `math shift' on input line 43.


Package hyperref Warning: Token not allowed in a PDF string (Unicode):
(hyperref)                removing `math shift' on input line 43.


Package hyperref Warning: Token not allowed in a PDF string (Unicode):
(hyperref)                removing `math shift' on input line 43.

) (./fitness_8cpp.tex
Underfull \hbox (badness 10000) in paragraph at lines 3--3
[]\T1/phv/bc/n/14.4 /home/warren/-U-T-F-S-M/2014-_-1-_--C-R-A-B-O-T/software/-C
-P-P-N--N-E-A-T/src/fitness.cpp File
 []

<fitness_8cpp__incl.pdf, id=1860, 719.68875pt x 347.2975pt>
File: fitness_8cpp__incl.pdf Graphic file (type pdf)

<use fitness_8cpp__incl.pdf>
Package pdftex.def Info: fitness_8cpp__incl.pdf used on input line 12.
(pdftex.def)             Requested size: 350.0pt x 168.90012pt.
 [44 <./fitness_8cpp__incl.pdf>]
<fitness_8cpp_ab547101b5cc5b5c2957842bea97514ce_cgraph.pdf, id=1878, 503.8825pt
 x 110.4125pt>
File: fitness_8cpp_ab547101b5cc5b5c2957842bea97514ce_cgraph.pdf Graphic file (t
ype pdf)
 <use fitness_8cpp_ab547101b5cc5b5c2957842bea97514ce_cgraph.pdf>
Package pdftex.def Info: fitness_8cpp_ab547101b5cc5b5c2957842bea97514ce_cgraph.
pdf used on input line 56.
(pdftex.def)             Requested size: 350.0pt x 76.69348pt.

<fitness_8cpp_ab547101b5cc5b5c2957842bea97514ce_icgraph.pdf, id=1879, 355.3275p
t x 110.4125pt>
File: fitness_8cpp_ab547101b5cc5b5c2957842bea97514ce_icgraph.pdf Graphic file (
type pdf)

<use fitness_8cpp_ab547101b5cc5b5c2957842bea97514ce_icgraph.pdf>
Package pdftex.def Info: fitness_8cpp_ab547101b5cc5b5c2957842bea97514ce_icgraph
.pdf used on input line 68.
(pdftex.def)             Requested size: 350.0pt x 108.76115pt.
)
(./function_8cpp.tex
Underfull \hbox (badness 10000) in paragraph at lines 3--3
[]\T1/phv/bc/n/14.4 /home/warren/-U-T-F-S-M/2014-_-1-_--C-R-A-B-O-T/software/-C
-P-P-N--N-E-A-T/src/function.cpp File
 []

<function_8cpp__incl.pdf, id=1880, 279.0425pt x 234.8775pt>
File: function_8cpp__incl.pdf Graphic file (type pdf)

<use function_8cpp__incl.pdf>
Package pdftex.def Info: function_8cpp__incl.pdf used on input line 11.
(pdftex.def)             Requested size: 278.0pt x 234.00601pt.
) (./genetic__encoding_8cpp.tex
Underfull \vbox (badness 10000) has occurred while \output is active []

 [45 <./fitness_8cpp_ab547101b5cc5b5c2957842bea97514ce_cgraph.pdf> <./fitness_8
cpp_ab547101b5cc5b5c2957842bea97514ce_icgraph.pdf

pdfTeX warning: pdflatex (file ./fitness_8cpp_ab547101b5cc5b5c2957842bea97514ce
_icgraph.pdf): PDF inclusion: multiple pdfs with page group included in a singl
e page
>]
Overfull \hbox (22.39711pt too wide) in paragraph at lines 3--3
[]\T1/phv/bc/n/14.4 /home/warren/-U-T-F-S-M/2014-_-1-_--C-R-A-B-O-T/software/-C
-P-P-N--N-E-A-T/src/genetic-_-encoding.cpp
 []

<genetic__encoding_8cpp__incl.pdf, id=1896, 651.43375pt x 303.1325pt>
File: genetic__encoding_8cpp__incl.pdf Graphic file (type pdf)

<use genetic__encoding_8cpp__incl.pdf>
Package pdftex.def Info: genetic__encoding_8cpp__incl.pdf used on input line 12
.
(pdftex.def)             Requested size: 350.0pt x 162.8704pt.
 [46 <./function_8cpp__incl.pdf> <./genetic__encoding_8cpp__incl.pdf

pdfTeX warning: pdflatex (file ./genetic__encoding_8cpp__incl.pdf): PDF inclusi
on: multiple pdfs with page group included in a single page
>]

Package hyperref Warning: Token not allowed in a PDF string (Unicode):
(hyperref)                removing `math shift' on input line 45.


Package hyperref Warning: Token not allowed in a PDF string (Unicode):
(hyperref)                removing `math shift' on input line 45.


Package hyperref Warning: Token not allowed in a PDF string (Unicode):
(hyperref)                removing `math shift' on input line 45.


Package hyperref Warning: Token not allowed in a PDF string (Unicode):
(hyperref)                removing `math shift' on input line 45.


<genetic__encoding_8cpp_adb2136bc7a8afc53a403a0a6b9231958_cgraph.pdf, id=1920, 
333.245pt x 110.4125pt>
File: genetic__encoding_8cpp_adb2136bc7a8afc53a403a0a6b9231958_cgraph.pdf Graph
ic file (type pdf)

<use genetic__encoding_8cpp_adb2136bc7a8afc53a403a0a6b9231958_cgraph.pdf>
Package pdftex.def Info: genetic__encoding_8cpp_adb2136bc7a8afc53a403a0a6b92319
58_cgraph.pdf used on input line 57.
(pdftex.def)             Requested size: 332.0pt x 110.00787pt.
)
(./run___c_p_p_n-_n_e_a_t_8cpp.tex
Underfull \hbox (badness 10000) in paragraph at lines 3--3
[]\T1/phv/bc/n/14.4 /home/warren/-U-T-F-S-M/2014-_-1-_--C-R-A-B-O-T/software/-C
-P-P-N--N-E-A-T/src/run-_--C-P-P-N--N-E-A-
 []

<run___c_p_p_n-_n_e_a_t_8cpp__incl.pdf, id=1921, 870.25125pt x 415.5525pt>
File: run___c_p_p_n-_n_e_a_t_8cpp__incl.pdf Graphic file (type pdf)

<use run___c_p_p_n-_n_e_a_t_8cpp__incl.pdf>
Package pdftex.def Info: run___c_p_p_n-_n_e_a_t_8cpp__incl.pdf used on input li
ne 14.
(pdftex.def)             Requested size: 350.0pt x 167.13112pt.
 [47 <./genetic__encoding_8cpp_adb2136bc7a8afc53a403a0a6b9231958_cgraph.pdf> <.
/run___c_p_p_n-_n_e_a_t_8cpp__incl.pdf

pdfTeX warning: pdflatex (file ./run___c_p_p_n-_n_e_a_t_8cpp__incl.pdf): PDF in
clusion: multiple pdfs with page group included in a single page
>]
<run___c_p_p_n-_n_e_a_t_8cpp_a3c04138a5bfe5d72780bb7e82a18e627_cgraph.pdf, id=1
943, 839.135pt x 520.94624pt>
File: run___c_p_p_n-_n_e_a_t_8cpp_a3c04138a5bfe5d72780bb7e82a18e627_cgraph.pdf 
Graphic file (type pdf)

<use run___c_p_p_n-_n_e_a_t_8cpp_a3c04138a5bfe5d72780bb7e82a18e627_cgraph.pdf>
Package pdftex.def Info: run___c_p_p_n-_n_e_a_t_8cpp_a3c04138a5bfe5d72780bb7e82
a18e627_cgraph.pdf used on input line 46.
(pdftex.def)             Requested size: 350.0pt x 217.28561pt.

<run___c_p_p_n-_n_e_a_t_8cpp_ab029d2b7513dde14d330cbfc348f377e_icgraph.pdf, id=
1944, 222.8325pt x 100.375pt>
File: run___c_p_p_n-_n_e_a_t_8cpp_ab029d2b7513dde14d330cbfc348f377e_icgraph.pdf
 Graphic file (type pdf)

<use run___c_p_p_n-_n_e_a_t_8cpp_ab029d2b7513dde14d330cbfc348f377e_icgraph.pdf>
Package pdftex.def Info: run___c_p_p_n-_n_e_a_t_8cpp_ab029d2b7513dde14d330cbfc3
48f377e_icgraph.pdf used on input line 69.
(pdftex.def)             Requested size: 222.0pt x 100.00102pt.
) (./test__genetic__encoding_8cpp.tex
Underfull \hbox (badness 10000) in paragraph at lines 3--3
[]\T1/phv/bc/n/14.4 /home/warren/-U-T-F-S-M/2014-_-1-_--C-R-A-B-O-T/software/-C
-P-P-N--N-E-A-T/src/test-_-genetic-_-
 []

<test__genetic__encoding_8cpp__incl.pdf, id=1945, 651.43375pt x 303.1325pt>
File: test__genetic__encoding_8cpp__incl.pdf Graphic file (type pdf)

<use test__genetic__encoding_8cpp__incl.pdf>
Package pdftex.def Info: test__genetic__encoding_8cpp__incl.pdf used on input l
ine 11.
(pdftex.def)             Requested size: 350.0pt x 162.8704pt.

Underfull \vbox (badness 5316) has occurred while \output is active []

 [48 <./run___c_p_p_n-_n_e_a_t_8cpp_a3c04138a5bfe5d72780bb7e82a18e627_cgraph.pd
f> <./run___c_p_p_n-_n_e_a_t_8cpp_ab029d2b7513dde14d330cbfc348f377e_icgraph.pdf


pdfTeX warning: pdflatex (file ./run___c_p_p_n-_n_e_a_t_8cpp_ab029d2b7513dde14d
330cbfc348f377e_icgraph.pdf): PDF inclusion: multiple pdfs with page group incl
uded in a single page
>]
<test__genetic__encoding_8cpp_ae66f6b31b5ad750f1fe042a706a4e3d4_cgraph.pdf, id=
1963, 674.52pt x 272.01625pt>
File: test__genetic__encoding_8cpp_ae66f6b31b5ad750f1fe042a706a4e3d4_cgraph.pdf
 Graphic file (type pdf)

<use test__genetic__encoding_8cpp_ae66f6b31b5ad750f1fe042a706a4e3d4_cgraph.pdf>
Package pdftex.def Info: test__genetic__encoding_8cpp_ae66f6b31b5ad750f1fe042a7
06a4e3d4_cgraph.pdf used on input line 55.
(pdftex.def)             Requested size: 350.0pt x 141.14626pt.
)

Package Fancyhdr Warning: \headheight is too small (12.0pt): 
 Make it at least 22.16548pt.
 We now make it that large for the rest of the document.
 This may cause the page layout to be inconsistent, however.

[49 <./test__genetic__encoding_8cpp__incl.pdf> <./test__genetic__encoding_8cpp_
ae66f6b31b5ad750f1fe042a706a4e3d4_cgraph.pdf

pdfTeX warning: pdflatex (file ./test__genetic__encoding_8cpp_ae66f6b31b5ad750f
1fe042a706a4e3d4_cgraph.pdf): PDF inclusion: multiple pdfs with page group incl
uded in a single page
>] (./refman.ind [50

] [51] [52])
Package atveryend Info: Empty hook `BeforeClearDocument' on input line 173.
Package atveryend Info: Empty hook `AfterLastShipout' on input line 173.
 (./refman.aux)
Package atveryend Info: Executing hook `AtVeryEndDocument' on input line 173.
Package atveryend Info: Executing hook `AtEndAfterFileList' on input line 173.
Package rerunfilecheck Info: File `refman.out' has not changed.
(rerunfilecheck)             Checksum: 6A98A60863636A3F6219B063DA5EACD9;31879.
Package atveryend Info: Empty hook `AtVeryVeryEnd' on input line 173.
 ) 
Here is how much of TeX's memory you used:
 13208 strings out of 493311
 214784 string characters out of 6143650
 281372 words of memory out of 5000000
 15945 multiletter control sequences out of 15000+600000
 70193 words of font info for 83 fonts, out of 8000000 for 9000
 957 hyphenation exceptions out of 8191
 48i,13n,43p,1442b,416s stack positions out of 5000i,500n,10000p,200000b,80000s
{/usr/share/texmf-dist/fonts/enc/dvips/base/8r.enc}</usr/share/texmf-dist/fon
ts/type1/public/amsfonts/cm/cmmi10.pfb></usr/share/texmf-dist/fonts/type1/publi
c/amsfonts/cm/cmsy10.pfb></usr/share/texmf-dist/fonts/type1/urw/courier/ucrr8a.
pfb></usr/share/texmf-dist/fonts/type1/urw/helvetic/uhvb8a.pfb></usr/share/texm
f-dist/fonts/type1/urw/helvetic/uhvb8ac.pfb></usr/share/texmf-dist/fonts/type1/
urw/helvetic/uhvbo8a.pfb></usr/share/texmf-dist/fonts/type1/urw/helvetic/uhvbo8
ac.pfb></usr/share/texmf-dist/fonts/type1/urw/helvetic/uhvr8a.pfb></usr/share/t
exmf-dist/fonts/type1/urw/helvetic/uhvro8a.pfb>
Output written on refman.pdf (60 pages, 347195 bytes).
PDF statistics:
 2335 PDF objects out of 2487 (max. 8388607)
 2110 compressed objects within 22 object streams
 405 named destinations out of 1000 (max. 500000)
 1755 words of extra memory for PDF output out of 10000 (max. 10000000)

